
*** Running vivado
    with args -log design_1_Couche4_0_1.vds -m64 -product Vivado -mode batch -messageDb vivado.pb -notrace -source design_1_Couche4_0_1.tcl


****** Vivado v2016.4 (64-bit)
  **** SW Build 1756540 on Mon Jan 23 19:11:23 MST 2017
  **** IP Build 1755317 on Mon Jan 23 20:30:07 MST 2017
    ** Copyright 1986-2016 Xilinx, Inc. All Rights Reserved.

source design_1_Couche4_0_1.tcl -notrace
Command: synth_design -top design_1_Couche4_0_1 -part xc7z020clg484-1 -mode out_of_context
Starting synth_design
Attempting to get a license for feature 'Synthesis' and/or device 'xc7z020'
INFO: [Common 17-349] Got license for feature 'Synthesis' and/or device 'xc7z020'
INFO: Launching helper process for spawning children vivado processes
INFO: Helper process launched with PID 8592 
---------------------------------------------------------------------------------
Starting RTL Elaboration : Time (s): cpu = 00:00:06 ; elapsed = 00:00:07 . Memory (MB): peak = 338.195 ; gain = 127.793
---------------------------------------------------------------------------------
WARNING: [Synth 8-2048] function clogb2 does not always return a value [c:/Users/Nostreum/Desktop/FPGA2/FPGA2.srcs/sources_1/bd/design_1/ipshared/280e/hdl/Couche4_v1_0_S00_AXIS.vhd:55]
INFO: [Synth 8-638] synthesizing module 'design_1_Couche4_0_1' [c:/Users/Nostreum/Desktop/FPGA2/FPGA2.srcs/sources_1/bd/design_1/ip/design_1_Couche4_0_1/synth/design_1_Couche4_0_1.vhd:68]
	Parameter C_S00_AXIS_TDATA_WIDTH bound to: 32 - type: integer 
INFO: [Synth 8-3491] module 'Couche4_v1_0' declared at 'c:/Users/Nostreum/Desktop/FPGA2/FPGA2.srcs/sources_1/bd/design_1/ipshared/280e/hdl/Couche4_v1_0.vhd:5' bound to instance 'U0' of component 'Couche4_v1_0' [c:/Users/Nostreum/Desktop/FPGA2/FPGA2.srcs/sources_1/bd/design_1/ip/design_1_Couche4_0_1/synth/design_1_Couche4_0_1.vhd:100]
INFO: [Synth 8-638] synthesizing module 'Couche4_v1_0' [c:/Users/Nostreum/Desktop/FPGA2/FPGA2.srcs/sources_1/bd/design_1/ipshared/280e/hdl/Couche4_v1_0.vhd:34]
	Parameter C_S00_AXIS_TDATA_WIDTH bound to: 32 - type: integer 
	Parameter C_S_AXIS_TDATA_WIDTH bound to: 32 - type: integer 
INFO: [Synth 8-3491] module 'Couche4_v1_0_S00_AXIS' declared at 'c:/Users/Nostreum/Desktop/FPGA2/FPGA2.srcs/sources_1/bd/design_1/ipshared/280e/hdl/Couche4_v1_0_S00_AXIS.vhd:5' bound to instance 'Couche4_v1_0_S00_AXIS_inst' of component 'Couche4_v1_0_S00_AXIS' [c:/Users/Nostreum/Desktop/FPGA2/FPGA2.srcs/sources_1/bd/design_1/ipshared/280e/hdl/Couche4_v1_0.vhd:55]
INFO: [Synth 8-638] synthesizing module 'Couche4_v1_0_S00_AXIS' [c:/Users/Nostreum/Desktop/FPGA2/FPGA2.srcs/sources_1/bd/design_1/ipshared/280e/hdl/Couche4_v1_0_S00_AXIS.vhd:38]
	Parameter C_S_AXIS_TDATA_WIDTH bound to: 32 - type: integer 
INFO: [Synth 8-226] default block is never used [c:/Users/Nostreum/Desktop/FPGA2/FPGA2.srcs/sources_1/bd/design_1/ipshared/280e/hdl/Couche4_v1_0_S00_AXIS.vhd:94]
INFO: [Synth 8-256] done synthesizing module 'Couche4_v1_0_S00_AXIS' (1#1) [c:/Users/Nostreum/Desktop/FPGA2/FPGA2.srcs/sources_1/bd/design_1/ipshared/280e/hdl/Couche4_v1_0_S00_AXIS.vhd:38]
INFO: [Synth 8-256] done synthesizing module 'Couche4_v1_0' (2#1) [c:/Users/Nostreum/Desktop/FPGA2/FPGA2.srcs/sources_1/bd/design_1/ipshared/280e/hdl/Couche4_v1_0.vhd:34]
INFO: [Synth 8-256] done synthesizing module 'design_1_Couche4_0_1' (3#1) [c:/Users/Nostreum/Desktop/FPGA2/FPGA2.srcs/sources_1/bd/design_1/ip/design_1_Couche4_0_1/synth/design_1_Couche4_0_1.vhd:68]
WARNING: [Synth 8-3331] design Couche4_v1_0_S00_AXIS has unconnected port S_AXIS_TDATA[31]
WARNING: [Synth 8-3331] design Couche4_v1_0_S00_AXIS has unconnected port S_AXIS_TDATA[30]
WARNING: [Synth 8-3331] design Couche4_v1_0_S00_AXIS has unconnected port S_AXIS_TDATA[29]
WARNING: [Synth 8-3331] design Couche4_v1_0_S00_AXIS has unconnected port S_AXIS_TDATA[28]
WARNING: [Synth 8-3331] design Couche4_v1_0_S00_AXIS has unconnected port S_AXIS_TDATA[27]
WARNING: [Synth 8-3331] design Couche4_v1_0_S00_AXIS has unconnected port S_AXIS_TDATA[26]
WARNING: [Synth 8-3331] design Couche4_v1_0_S00_AXIS has unconnected port S_AXIS_TDATA[25]
WARNING: [Synth 8-3331] design Couche4_v1_0_S00_AXIS has unconnected port S_AXIS_TDATA[24]
WARNING: [Synth 8-3331] design Couche4_v1_0_S00_AXIS has unconnected port S_AXIS_TDATA[23]
WARNING: [Synth 8-3331] design Couche4_v1_0_S00_AXIS has unconnected port S_AXIS_TDATA[22]
WARNING: [Synth 8-3331] design Couche4_v1_0_S00_AXIS has unconnected port S_AXIS_TDATA[21]
WARNING: [Synth 8-3331] design Couche4_v1_0_S00_AXIS has unconnected port S_AXIS_TDATA[20]
WARNING: [Synth 8-3331] design Couche4_v1_0_S00_AXIS has unconnected port S_AXIS_TDATA[19]
WARNING: [Synth 8-3331] design Couche4_v1_0_S00_AXIS has unconnected port S_AXIS_TDATA[18]
WARNING: [Synth 8-3331] design Couche4_v1_0_S00_AXIS has unconnected port S_AXIS_TDATA[17]
WARNING: [Synth 8-3331] design Couche4_v1_0_S00_AXIS has unconnected port S_AXIS_TDATA[16]
WARNING: [Synth 8-3331] design Couche4_v1_0_S00_AXIS has unconnected port S_AXIS_TDATA[15]
WARNING: [Synth 8-3331] design Couche4_v1_0_S00_AXIS has unconnected port S_AXIS_TDATA[14]
WARNING: [Synth 8-3331] design Couche4_v1_0_S00_AXIS has unconnected port S_AXIS_TDATA[13]
WARNING: [Synth 8-3331] design Couche4_v1_0_S00_AXIS has unconnected port S_AXIS_TDATA[12]
WARNING: [Synth 8-3331] design Couche4_v1_0_S00_AXIS has unconnected port S_AXIS_TDATA[11]
WARNING: [Synth 8-3331] design Couche4_v1_0_S00_AXIS has unconnected port S_AXIS_TDATA[10]
WARNING: [Synth 8-3331] design Couche4_v1_0_S00_AXIS has unconnected port S_AXIS_TDATA[9]
WARNING: [Synth 8-3331] design Couche4_v1_0_S00_AXIS has unconnected port S_AXIS_TDATA[8]
WARNING: [Synth 8-3331] design Couche4_v1_0_S00_AXIS has unconnected port S_AXIS_TDATA[7]
WARNING: [Synth 8-3331] design Couche4_v1_0_S00_AXIS has unconnected port S_AXIS_TDATA[6]
WARNING: [Synth 8-3331] design Couche4_v1_0_S00_AXIS has unconnected port S_AXIS_TDATA[5]
WARNING: [Synth 8-3331] design Couche4_v1_0_S00_AXIS has unconnected port S_AXIS_TDATA[4]
WARNING: [Synth 8-3331] design Couche4_v1_0_S00_AXIS has unconnected port S_AXIS_TDATA[3]
WARNING: [Synth 8-3331] design Couche4_v1_0_S00_AXIS has unconnected port S_AXIS_TDATA[2]
WARNING: [Synth 8-3331] design Couche4_v1_0_S00_AXIS has unconnected port S_AXIS_TDATA[1]
WARNING: [Synth 8-3331] design Couche4_v1_0_S00_AXIS has unconnected port S_AXIS_TDATA[0]
WARNING: [Synth 8-3331] design Couche4_v1_0_S00_AXIS has unconnected port S_AXIS_TSTRB[3]
WARNING: [Synth 8-3331] design Couche4_v1_0_S00_AXIS has unconnected port S_AXIS_TSTRB[2]
WARNING: [Synth 8-3331] design Couche4_v1_0_S00_AXIS has unconnected port S_AXIS_TSTRB[1]
WARNING: [Synth 8-3331] design Couche4_v1_0_S00_AXIS has unconnected port S_AXIS_TSTRB[0]
---------------------------------------------------------------------------------
Finished RTL Elaboration : Time (s): cpu = 00:00:06 ; elapsed = 00:00:08 . Memory (MB): peak = 374.625 ; gain = 164.223
---------------------------------------------------------------------------------

Report Check Netlist: 
+------+------------------+-------+---------+-------+------------------+
|      |Item              |Errors |Warnings |Status |Description       |
+------+------------------+-------+---------+-------+------------------+
|1     |multi_driven_nets |      0|        0|Passed |Multi driven nets |
+------+------------------+-------+---------+-------+------------------+
---------------------------------------------------------------------------------
Finished RTL Optimization Phase 1 : Time (s): cpu = 00:00:06 ; elapsed = 00:00:08 . Memory (MB): peak = 374.625 ; gain = 164.223
---------------------------------------------------------------------------------
INFO: [Device 21-403] Loading part xc7z020clg484-1
INFO: [Project 1-570] Preparing netlist for logic optimization

Processing XDC Constraints
Initializing timing engine
Completed Processing XDC Constraints

INFO: [Project 1-111] Unisim Transformation Summary:
No Unisim elements were transformed.

Constraint Validation Runtime : Time (s): cpu = 00:00:00 ; elapsed = 00:00:00.013 . Memory (MB): peak = 639.316 ; gain = 0.945
---------------------------------------------------------------------------------
Finished Constraint Validation : Time (s): cpu = 00:00:13 ; elapsed = 00:00:15 . Memory (MB): peak = 639.316 ; gain = 428.914
---------------------------------------------------------------------------------
---------------------------------------------------------------------------------
Start Loading Part and Timing Information
---------------------------------------------------------------------------------
Loading part: xc7z020clg484-1
---------------------------------------------------------------------------------
Finished Loading Part and Timing Information : Time (s): cpu = 00:00:13 ; elapsed = 00:00:15 . Memory (MB): peak = 639.316 ; gain = 428.914
---------------------------------------------------------------------------------
---------------------------------------------------------------------------------
Start Applying 'set_property' XDC Constraints
---------------------------------------------------------------------------------
---------------------------------------------------------------------------------
Finished applying 'set_property' XDC Constraints : Time (s): cpu = 00:00:13 ; elapsed = 00:00:15 . Memory (MB): peak = 639.316 ; gain = 428.914
---------------------------------------------------------------------------------
---------------------------------------------------------------------------------
Finished RTL Optimization Phase 2 : Time (s): cpu = 00:00:13 ; elapsed = 00:00:15 . Memory (MB): peak = 639.316 ; gain = 428.914
---------------------------------------------------------------------------------

Report RTL Partitions: 
+-+--------------+------------+----------+
| |RTL Partition |Replication |Instances |
+-+--------------+------------+----------+
+-+--------------+------------+----------+
---------------------------------------------------------------------------------
Start RTL Component Statistics 
---------------------------------------------------------------------------------
Detailed RTL Component Info : 
+---Registers : 
	                1 Bit    Registers := 2     
+---Muxes : 
	   2 Input      1 Bit        Muxes := 2     
---------------------------------------------------------------------------------
Finished RTL Component Statistics 
---------------------------------------------------------------------------------
---------------------------------------------------------------------------------
Start RTL Hierarchical Component Statistics 
---------------------------------------------------------------------------------
Hierarchical RTL Component report 
Module Couche4_v1_0_S00_AXIS 
Detailed RTL Component Info : 
+---Registers : 
	                1 Bit    Registers := 2     
+---Muxes : 
	   2 Input      1 Bit        Muxes := 2     
---------------------------------------------------------------------------------
Finished RTL Hierarchical Component Statistics
---------------------------------------------------------------------------------
---------------------------------------------------------------------------------
Start Part Resource Summary
---------------------------------------------------------------------------------
Part Resources:
DSPs: 220 (col length:60)
BRAMs: 280 (col length: RAMB18 60 RAMB36 30)
---------------------------------------------------------------------------------
Finished Part Resource Summary
---------------------------------------------------------------------------------
---------------------------------------------------------------------------------
Start Cross Boundary and Area Optimization
---------------------------------------------------------------------------------
WARNING: [Synth 8-3331] design design_1_Couche4_0_1 has unconnected port s00_axis_tdata[31]
WARNING: [Synth 8-3331] design design_1_Couche4_0_1 has unconnected port s00_axis_tdata[30]
WARNING: [Synth 8-3331] design design_1_Couche4_0_1 has unconnected port s00_axis_tdata[29]
WARNING: [Synth 8-3331] design design_1_Couche4_0_1 has unconnected port s00_axis_tdata[28]
WARNING: [Synth 8-3331] design design_1_Couche4_0_1 has unconnected port s00_axis_tdata[27]
WARNING: [Synth 8-3331] design design_1_Couche4_0_1 has unconnected port s00_axis_tdata[26]
WARNING: [Synth 8-3331] design design_1_Couche4_0_1 has unconnected port s00_axis_tdata[25]
WARNING: [Synth 8-3331] design design_1_Couche4_0_1 has unconnected port s00_axis_tdata[24]
WARNING: [Synth 8-3331] design design_1_Couche4_0_1 has unconnected port s00_axis_tdata[23]
WARNING: [Synth 8-3331] design design_1_Couche4_0_1 has unconnected port s00_axis_tdata[22]
WARNING: [Synth 8-3331] design design_1_Couche4_0_1 has unconnected port s00_axis_tdata[21]
WARNING: [Synth 8-3331] design design_1_Couche4_0_1 has unconnected port s00_axis_tdata[20]
WARNING: [Synth 8-3331] design design_1_Couche4_0_1 has unconnected port s00_axis_tdata[19]
WARNING: [Synth 8-3331] design design_1_Couche4_0_1 has unconnected port s00_axis_tdata[18]
WARNING: [Synth 8-3331] design design_1_Couche4_0_1 has unconnected port s00_axis_tdata[17]
WARNING: [Synth 8-3331] design design_1_Couche4_0_1 has unconnected port s00_axis_tdata[16]
WARNING: [Synth 8-3331] design design_1_Couche4_0_1 has unconnected port s00_axis_tdata[15]
WARNING: [Synth 8-3331] design design_1_Couche4_0_1 has unconnected port s00_axis_tdata[14]
WARNING: [Synth 8-3331] design design_1_Couche4_0_1 has unconnected port s00_axis_tdata[13]
WARNING: [Synth 8-3331] design design_1_Couche4_0_1 has unconnected port s00_axis_tdata[12]
WARNING: [Synth 8-3331] design design_1_Couche4_0_1 has unconnected port s00_axis_tdata[11]
WARNING: [Synth 8-3331] design design_1_Couche4_0_1 has unconnected port s00_axis_tdata[10]
WARNING: [Synth 8-3331] design design_1_Couche4_0_1 has unconnected port s00_axis_tdata[9]
WARNING: [Synth 8-3331] design design_1_Couche4_0_1 has unconnected port s00_axis_tdata[8]
WARNING: [Synth 8-3331] design design_1_Couche4_0_1 has unconnected port s00_axis_tdata[7]
WARNING: [Synth 8-3331] design design_1_Couche4_0_1 has unconnected port s00_axis_tdata[6]
WARNING: [Synth 8-3331] design design_1_Couche4_0_1 has unconnected port s00_axis_tdata[5]
WARNING: [Synth 8-3331] design design_1_Couche4_0_1 has unconnected port s00_axis_tdata[4]
WARNING: [Synth 8-3331] design design_1_Couche4_0_1 has unconnected port s00_axis_tdata[3]
WARNING: [Synth 8-3331] design design_1_Couche4_0_1 has unconnected port s00_axis_tdata[2]
WARNING: [Synth 8-3331] design design_1_Couche4_0_1 has unconnected port s00_axis_tdata[1]
WARNING: [Synth 8-3331] design design_1_Couche4_0_1 has unconnected port s00_axis_tdata[0]
WARNING: [Synth 8-3331] design design_1_Couche4_0_1 has unconnected port s00_axis_tstrb[3]
WARNING: [Synth 8-3331] design design_1_Couche4_0_1 has unconnected port s00_axis_tstrb[2]
WARNING: [Synth 8-3331] design design_1_Couche4_0_1 has unconnected port s00_axis_tstrb[1]
WARNING: [Synth 8-3331] design design_1_Couche4_0_1 has unconnected port s00_axis_tstrb[0]
---------------------------------------------------------------------------------
Finished Cross Boundary and Area Optimization : Time (s): cpu = 00:00:14 ; elapsed = 00:00:15 . Memory (MB): peak = 639.316 ; gain = 428.914
---------------------------------------------------------------------------------

Report RTL Partitions: 
+-+--------------+------------+----------+
| |RTL Partition |Replication |Instances |
+-+--------------+------------+----------+
+-+--------------+------------+----------+
---------------------------------------------------------------------------------
Start Timing Optimization
---------------------------------------------------------------------------------
---------------------------------------------------------------------------------
Start Applying XDC Timing Constraints
---------------------------------------------------------------------------------
---------------------------------------------------------------------------------
Finished Applying XDC Timing Constraints : Time (s): cpu = 00:00:22 ; elapsed = 00:00:23 . Memory (MB): peak = 647.535 ; gain = 437.133
---------------------------------------------------------------------------------
---------------------------------------------------------------------------------
Finished Timing Optimization : Time (s): cpu = 00:00:22 ; elapsed = 00:00:23 . Memory (MB): peak = 647.535 ; gain = 437.133
---------------------------------------------------------------------------------

Report RTL Partitions: 
+-+--------------+------------+----------+
| |RTL Partition |Replication |Instances |
+-+--------------+------------+----------+
+-+--------------+------------+----------+
---------------------------------------------------------------------------------
Start Technology Mapping
---------------------------------------------------------------------------------
---------------------------------------------------------------------------------
Finished Technology Mapping : Time (s): cpu = 00:00:22 ; elapsed = 00:00:23 . Memory (MB): peak = 667.871 ; gain = 457.469
---------------------------------------------------------------------------------

Report RTL Partitions: 
+-+--------------+------------+----------+
| |RTL Partition |Replication |Instances |
+-+--------------+------------+----------+
+-+--------------+------------+----------+
---------------------------------------------------------------------------------
Start IO Insertion
---------------------------------------------------------------------------------
---------------------------------------------------------------------------------
Start Flattening Before IO Insertion
---------------------------------------------------------------------------------
---------------------------------------------------------------------------------
Finished Flattening Before IO Insertion
---------------------------------------------------------------------------------
---------------------------------------------------------------------------------
Start Final Netlist Cleanup
---------------------------------------------------------------------------------
---------------------------------------------------------------------------------
Finished Final Netlist Cleanup
---------------------------------------------------------------------------------
---------------------------------------------------------------------------------
Finished IO Insertion : Time (s): cpu = 00:00:22 ; elapsed = 00:00:24 . Memory (MB): peak = 667.871 ; gain = 457.469
---------------------------------------------------------------------------------

Report Check Netlist: 
+------+------------------+-------+---------+-------+------------------+
|      |Item              |Errors |Warnings |Status |Description       |
+------+------------------+-------+---------+-------+------------------+
|1     |multi_driven_nets |      0|        0|Passed |Multi driven nets |
+------+------------------+-------+---------+-------+------------------+
---------------------------------------------------------------------------------
Start Renaming Generated Instances
---------------------------------------------------------------------------------
---------------------------------------------------------------------------------
Finished Renaming Generated Instances : Time (s): cpu = 00:00:22 ; elapsed = 00:00:24 . Memory (MB): peak = 667.871 ; gain = 457.469
---------------------------------------------------------------------------------

Report RTL Partitions: 
+-+--------------+------------+----------+
| |RTL Partition |Replication |Instances |
+-+--------------+------------+----------+
+-+--------------+------------+----------+
---------------------------------------------------------------------------------
Start Rebuilding User Hierarchy
---------------------------------------------------------------------------------
---------------------------------------------------------------------------------
Finished Rebuilding User Hierarchy : Time (s): cpu = 00:00:22 ; elapsed = 00:00:24 . Memory (MB): peak = 667.871 ; gain = 457.469
---------------------------------------------------------------------------------
---------------------------------------------------------------------------------
Start Renaming Generated Ports
---------------------------------------------------------------------------------
---------------------------------------------------------------------------------
Finished Renaming Generated Ports : Time (s): cpu = 00:00:22 ; elapsed = 00:00:24 . Memory (MB): peak = 667.871 ; gain = 457.469
---------------------------------------------------------------------------------
---------------------------------------------------------------------------------
Start Handling Custom Attributes
---------------------------------------------------------------------------------
---------------------------------------------------------------------------------
Finished Handling Custom Attributes : Time (s): cpu = 00:00:22 ; elapsed = 00:00:24 . Memory (MB): peak = 667.871 ; gain = 457.469
---------------------------------------------------------------------------------
---------------------------------------------------------------------------------
Start Renaming Generated Nets
---------------------------------------------------------------------------------
---------------------------------------------------------------------------------
Finished Renaming Generated Nets : Time (s): cpu = 00:00:22 ; elapsed = 00:00:24 . Memory (MB): peak = 667.871 ; gain = 457.469
---------------------------------------------------------------------------------
---------------------------------------------------------------------------------
Start Writing Synthesis Report
---------------------------------------------------------------------------------

Report BlackBoxes: 
+-+--------------+----------+
| |BlackBox name |Instances |
+-+--------------+----------+
+-+--------------+----------+

Report Cell Usage: 
+------+-----+------+
|      |Cell |Count |
+------+-----+------+
|1     |LUT4 |     1|
|2     |LUT5 |     1|
|3     |FDRE |     2|
+------+-----+------+

Report Instance Areas: 
+------+-------------------------------+----------------------+------+
|      |Instance                       |Module                |Cells |
+------+-------------------------------+----------------------+------+
|1     |top                            |                      |     4|
|2     |  U0                           |Couche4_v1_0          |     4|
|3     |    Couche4_v1_0_S00_AXIS_inst |Couche4_v1_0_S00_AXIS |     4|
+------+-------------------------------+----------------------+------+
---------------------------------------------------------------------------------
Finished Writing Synthesis Report : Time (s): cpu = 00:00:22 ; elapsed = 00:00:24 . Memory (MB): peak = 667.871 ; gain = 457.469
---------------------------------------------------------------------------------
Synthesis finished with 0 errors, 0 critical warnings and 36 warnings.
Synthesis Optimization Runtime : Time (s): cpu = 00:00:11 ; elapsed = 00:00:15 . Memory (MB): peak = 667.871 ; gain = 142.152
Synthesis Optimization Complete : Time (s): cpu = 00:00:22 ; elapsed = 00:00:24 . Memory (MB): peak = 667.871 ; gain = 457.469
INFO: [Project 1-571] Translating synthesized netlist
INFO: [Project 1-570] Preparing netlist for logic optimization
INFO: [Opt 31-138] Pushed 0 inverter(s) to 0 load pin(s).
INFO: [Project 1-111] Unisim Transformation Summary:
No Unisim elements were transformed.

INFO: [Common 17-83] Releasing license: Synthesis
18 Infos, 73 Warnings, 0 Critical Warnings and 0 Errors encountered.
synth_design completed successfully
synth_design: Time (s): cpu = 00:00:20 ; elapsed = 00:00:21 . Memory (MB): peak = 673.129 ; gain = 412.102
INFO: [Common 17-1381] The checkpoint 'C:/Users/Nostreum/Desktop/FPGA2/FPGA2.runs/design_1_Couche4_0_1_synth_1/design_1_Couche4_0_1.dcp' has been generated.
