

================================================================
== Vivado HLS Report for 'calculateLayer4'
================================================================
* Date:           Thu Jan 18 19:33:25 2018

* Version:        2016.4 (Build 1756540 on Mon Jan 23 19:31:01 MST 2017)
* Project:        DeepLearningHLS
* Solution:       solution1
* Product family: zynq
* Target device:  xc7z020clg484-1


================================================================
== Performance Estimates
================================================================
+ Timing (ns): 
    * Summary: 
    +--------+-------+----------+------------+
    |  Clock | Target| Estimated| Uncertainty|
    +--------+-------+----------+------------+
    |ap_clk  |  10.00|      8.66|        1.25|
    +--------+-------+----------+------------+

+ Latency (clock cycles): 
    * Summary: 
    +-------+---------+-------+---------+---------+
    |     Latency     |     Interval    | Pipeline|
    |  min  |   max   |  min  |   max   |   Type  |
    +-------+---------+-------+---------+---------+
    |  90301|  1075301|  90302|  1075302|   none  |
    +-------+---------+-------+---------+---------+

    + Detail: 
        * Instance: 
        N/A

        * Loop: 
        +----------+-------+---------+-------------+-----------+-----------+------+----------+
        |          |     Latency     |  Iteration  |  Initiation Interval  | Trip |          |
        | Loop Name|  min  |   max   |   Latency   |  achieved |   target  | Count| Pipelined|
        +----------+-------+---------+-------------+-----------+-----------+------+----------+
        |- I       |  90300|  1075300| 903 ~ 10753 |          -|          -|   100|    no    |
        | + J      |    900|    10750|   18 ~ 215  |          -|          -|    50|    no    |
        +----------+-------+---------+-------------+-----------+-----------+------+----------+

============================================================
+ Verbose Summary: Synthesis Manager
============================================================
InlineROM: 1
ExposeGlobal: 0
============================================================
+ Verbose Summary: CDFG Model
============================================================
IsTopModel: 1
ResetActiveHigh: 1
IsCombinational: 0
IsDatapathOnly: 0
HasWiredReturn: 1
HasMFsm: 0
HasVarLatency: 1
IsPipeline: 0
IsRtlPipelined: 0
IsInstanceOverlapped: 0
IsDontTouch: 0
HasImplIP: 0
IsGatedGlobalClock: 0


============================================================
+ Verbose Summary: Schedule
============================================================
* Number of FSM states: 51
* Pipeline: 0
* Dataflow Pipeline: 0

* FSM state transitions: 
1 --> 
	2  / true
2 --> 
	3  / (!exitcond3)
3 --> 
	4  / true
4 --> 
	5  / (!exitcond2)
	2  / (exitcond2)
5 --> 
	6  / true
6 --> 
	7  / true
7 --> 
	8  / true
8 --> 
	9  / true
9 --> 
	10  / true
10 --> 
	11  / true
11 --> 
	12  / true
12 --> 
	13  / true
13 --> 
	14  / true
14 --> 
	15  / true
15 --> 
	16  / true
16 --> 
	17  / true
17 --> 
	18  / true
18 --> 
	19  / true
19 --> 
	20  / true
20 --> 
	21  / (ifzero)
	51  / (!ifzero)
21 --> 
	22  / true
22 --> 
	23  / true
23 --> 
	24  / true
24 --> 
	25  / true
25 --> 
	26  / true
26 --> 
	27  / true
27 --> 
	28  / true
28 --> 
	29  / true
29 --> 
	30  / true
30 --> 
	31  / true
31 --> 
	32  / true
32 --> 
	33  / true
33 --> 
	34  / true
34 --> 
	35  / true
35 --> 
	36  / true
36 --> 
	37  / true
37 --> 
	38  / true
38 --> 
	39  / true
39 --> 
	40  / true
40 --> 
	41  / true
41 --> 
	42  / true
42 --> 
	43  / true
43 --> 
	44  / true
44 --> 
	45  / true
45 --> 
	46  / true
46 --> 
	47  / true
47 --> 
	48  / true
48 --> 
	49  / true
49 --> 
	50  / true
50 --> 
	51  / true
51 --> 
	4  / true
* FSM state operations: 

 <State 1>: 1.57ns
ST_1: StgValue_52 (5)  [1/1] 0.00ns
:0  call void (...)* @_ssdm_op_SpecBitsMap([1250 x i16]* %Layer3_Neurons_CPU_hls) nounwind, !map !1205

ST_1: StgValue_53 (6)  [1/1] 0.00ns
:1  call void (...)* @_ssdm_op_SpecBitsMap([1250 x i16]* %Layer3_Weights_CPU_hls) nounwind, !map !1211

ST_1: StgValue_54 (7)  [1/1] 0.00ns
:2  call void (...)* @_ssdm_op_SpecBitsMap([100 x i16]* %Layer4_Neurons_CPU_hls) nounwind, !map !1215

ST_1: StgValue_55 (8)  [1/1] 0.00ns
:3  call void (...)* @_ssdm_op_SpecTopModule([16 x i8]* @calculateLayer4_str) nounwind

ST_1: StgValue_56 (9)  [1/1] 1.57ns  loc: DeepLearningHLS/layer4_hls.c:17
:4  br label %1


 <State 2>: 3.34ns
ST_2: i (11)  [1/1] 0.00ns
:0  %i = phi i7 [ 0, %0 ], [ %i_1, %4 ]

ST_2: phi_mul1 (12)  [1/1] 0.00ns
:1  %phi_mul1 = phi i12 [ 0, %0 ], [ %next_mul2, %4 ]

ST_2: next_mul2 (13)  [1/1] 1.84ns
:2  %next_mul2 = add i12 %phi_mul1, 1251

ST_2: exitcond3 (14)  [1/1] 1.97ns  loc: DeepLearningHLS/layer4_hls.c:17
:3  %exitcond3 = icmp eq i7 %i, -28

ST_2: i_1 (15)  [1/1] 1.72ns  loc: DeepLearningHLS/layer4_hls.c:17
:4  %i_1 = add i7 %i, 1

ST_2: StgValue_62 (16)  [1/1] 0.00ns  loc: DeepLearningHLS/layer4_hls.c:17
:5  br i1 %exitcond3, label %5, label %2

ST_2: tmp_cast (22)  [1/1] 0.00ns  loc: DeepLearningHLS/layer4_hls.c:18
:4  %tmp_cast = sext i12 %phi_mul1 to i32

ST_2: Layer3_Weights_CPU_h (23)  [1/1] 0.00ns  loc: DeepLearningHLS/layer4_hls.c:18
:5  %Layer3_Weights_CPU_h = getelementptr [1250 x i16]* %Layer3_Weights_CPU_hls, i32 0, i32 %tmp_cast

ST_2: somme (24)  [2/2] 2.71ns  loc: DeepLearningHLS/layer4_hls.c:18
:6  %somme = load i16* %Layer3_Weights_CPU_h, align 2

ST_2: StgValue_66 (405)  [1/1] 0.00ns  loc: DeepLearningHLS/layer4_hls.c:29
:0  ret void


 <State 3>: 4.28ns
ST_3: i_cast1 (18)  [1/1] 0.00ns  loc: DeepLearningHLS/layer4_hls.c:17
:0  %i_cast1 = zext i7 %i to i32

ST_3: empty (19)  [1/1] 0.00ns
:1  %empty = call i32 (...)* @_ssdm_op_SpecLoopTripCount(i64 100, i64 100, i64 100) nounwind

ST_3: StgValue_69 (20)  [1/1] 0.00ns  loc: DeepLearningHLS/layer4_hls.c:17
:2  call void (...)* @_ssdm_op_SpecLoopName([2 x i8]* @p_str) nounwind

ST_3: tmp_7 (21)  [1/1] 0.00ns  loc: DeepLearningHLS/layer4_hls.c:17
:3  %tmp_7 = call i32 (...)* @_ssdm_op_SpecRegionBegin([2 x i8]* @p_str) nounwind

ST_3: somme (24)  [1/2] 2.71ns  loc: DeepLearningHLS/layer4_hls.c:18
:6  %somme = load i16* %Layer3_Weights_CPU_h, align 2

ST_3: Layer4_Neurons_CPU_h (25)  [1/1] 0.00ns  loc: DeepLearningHLS/layer4_hls.c:27
:7  %Layer4_Neurons_CPU_h = getelementptr [100 x i16]* %Layer4_Neurons_CPU_hls, i32 0, i32 %i_cast1

ST_3: StgValue_73 (26)  [1/1] 1.57ns  loc: DeepLearningHLS/layer4_hls.c:21
:8  br label %3


 <State 4>: 8.23ns
ST_4: somme1 (28)  [1/1] 0.00ns
:0  %somme1 = phi i16 [ %somme, %2 ], [ %somme_3_4_4, %ifFalse ]

ST_4: j (29)  [1/1] 0.00ns
:1  %j = phi i6 [ 0, %2 ], [ %j_1, %ifFalse ]

ST_4: phi_mul (30)  [1/1] 0.00ns
:2  %phi_mul = phi i11 [ 0, %2 ], [ %next_mul, %ifFalse ]

ST_4: exitcond2 (31)  [1/1] 1.94ns  loc: DeepLearningHLS/layer4_hls.c:21
:3  %exitcond2 = icmp eq i6 %j, -14

ST_4: j_1 (32)  [1/1] 1.72ns  loc: DeepLearningHLS/layer4_hls.c:21
:4  %j_1 = add i6 %j, 1

ST_4: StgValue_79 (33)  [1/1] 0.00ns  loc: DeepLearningHLS/layer4_hls.c:21
:5  br i1 %exitcond2, label %4, label %ifBlock

ST_4: tmp_35_cast1 (40)  [1/1] 0.00ns  loc: DeepLearningHLS/layer4_hls.c:25
ifBlock:5  %tmp_35_cast1 = zext i11 %phi_mul to i32

ST_4: tmp1 (41)  [1/1] 1.84ns
ifBlock:6  %tmp1 = add i11 %phi_mul, 1

ST_4: tmp1_cast (42)  [1/1] 0.00ns
ifBlock:7  %tmp1_cast = zext i11 %tmp1 to i12

ST_4: sum5 (43)  [1/1] 1.84ns
ifBlock:8  %sum5 = add i12 %tmp1_cast, %phi_mul1

ST_4: sum5_cast (44)  [1/1] 0.00ns
ifBlock:9  %sum5_cast = sext i12 %sum5 to i32

ST_4: Layer3_Weights_CPU_h_1 (45)  [1/1] 0.00ns  loc: DeepLearningHLS/layer4_hls.c:25
ifBlock:10  %Layer3_Weights_CPU_h_1 = getelementptr [1250 x i16]* %Layer3_Weights_CPU_hls, i32 0, i32 %sum5_cast

ST_4: Layer3_Weights_CPU_h_2 (46)  [2/2] 2.71ns  loc: DeepLearningHLS/layer4_hls.c:25
ifBlock:11  %Layer3_Weights_CPU_h_2 = load i16* %Layer3_Weights_CPU_h_1, align 2

ST_4: Layer3_Neurons_CPU_h (48)  [1/1] 0.00ns  loc: DeepLearningHLS/layer4_hls.c:25
ifBlock:13  %Layer3_Neurons_CPU_h = getelementptr [1250 x i16]* %Layer3_Neurons_CPU_hls, i32 0, i32 %tmp_35_cast1

ST_4: Layer3_Neurons_CPU_h_1 (49)  [2/2] 2.71ns  loc: DeepLearningHLS/layer4_hls.c:25
ifBlock:14  %Layer3_Neurons_CPU_h_1 = load i16* %Layer3_Neurons_CPU_h, align 2

ST_4: sum5_0_1 (53)  [1/1] 1.84ns
ifBlock:18  %sum5_0_1 = add i12 %sum5, 1

ST_4: sum5_0_1_cast (54)  [1/1] 0.00ns
ifBlock:19  %sum5_0_1_cast = sext i12 %sum5_0_1 to i32

ST_4: Layer3_Weights_CPU_h_3 (55)  [1/1] 0.00ns  loc: DeepLearningHLS/layer4_hls.c:25
ifBlock:20  %Layer3_Weights_CPU_h_3 = getelementptr [1250 x i16]* %Layer3_Weights_CPU_hls, i32 0, i32 %sum5_0_1_cast

ST_4: Layer3_Weights_CPU_h_4 (56)  [2/2] 2.71ns  loc: DeepLearningHLS/layer4_hls.c:25
ifBlock:21  %Layer3_Weights_CPU_h_4 = load i16* %Layer3_Weights_CPU_h_3, align 2

ST_4: sum_0_1_cast (58)  [1/1] 0.00ns
ifBlock:23  %sum_0_1_cast = zext i11 %tmp1 to i32

ST_4: Layer3_Neurons_CPU_h_2 (59)  [1/1] 0.00ns  loc: DeepLearningHLS/layer4_hls.c:25
ifBlock:24  %Layer3_Neurons_CPU_h_2 = getelementptr [1250 x i16]* %Layer3_Neurons_CPU_hls, i32 0, i32 %sum_0_1_cast

ST_4: Layer3_Neurons_CPU_h_3 (60)  [2/2] 2.71ns  loc: DeepLearningHLS/layer4_hls.c:25
ifBlock:25  %Layer3_Neurons_CPU_h_3 = load i16* %Layer3_Neurons_CPU_h_2, align 2

ST_4: ifzero (366)  [1/1] 1.94ns  loc: DeepLearningHLS/layer4_hls.c:21
ifBlock:331  %ifzero = icmp eq i6 %j_1, -14

ST_4: empty_39 (402)  [1/1] 0.00ns  loc: DeepLearningHLS/layer4_hls.c:28
:0  %empty_39 = call i32 (...)* @_ssdm_op_SpecRegionEnd([2 x i8]* @p_str, i32 %tmp_7) nounwind

ST_4: StgValue_98 (403)  [1/1] 0.00ns  loc: DeepLearningHLS/layer4_hls.c:17
:1  br label %1


 <State 5>: 4.55ns
ST_5: Layer3_Weights_CPU_h_2 (46)  [1/2] 2.71ns  loc: DeepLearningHLS/layer4_hls.c:25
ifBlock:11  %Layer3_Weights_CPU_h_2 = load i16* %Layer3_Weights_CPU_h_1, align 2

ST_5: Layer3_Neurons_CPU_h_1 (49)  [1/2] 2.71ns  loc: DeepLearningHLS/layer4_hls.c:25
ifBlock:14  %Layer3_Neurons_CPU_h_1 = load i16* %Layer3_Neurons_CPU_h, align 2

ST_5: Layer3_Weights_CPU_h_4 (56)  [1/2] 2.71ns  loc: DeepLearningHLS/layer4_hls.c:25
ifBlock:21  %Layer3_Weights_CPU_h_4 = load i16* %Layer3_Weights_CPU_h_3, align 2

ST_5: Layer3_Neurons_CPU_h_3 (60)  [1/2] 2.71ns  loc: DeepLearningHLS/layer4_hls.c:25
ifBlock:25  %Layer3_Neurons_CPU_h_3 = load i16* %Layer3_Neurons_CPU_h_2, align 2

ST_5: sum5_0_2 (64)  [1/1] 1.84ns
ifBlock:29  %sum5_0_2 = add i12 %sum5, 2

ST_5: sum5_0_2_cast (65)  [1/1] 0.00ns
ifBlock:30  %sum5_0_2_cast = sext i12 %sum5_0_2 to i32

ST_5: Layer3_Weights_CPU_h_5 (66)  [1/1] 0.00ns  loc: DeepLearningHLS/layer4_hls.c:25
ifBlock:31  %Layer3_Weights_CPU_h_5 = getelementptr [1250 x i16]* %Layer3_Weights_CPU_hls, i32 0, i32 %sum5_0_2_cast

ST_5: Layer3_Weights_CPU_h_6 (67)  [2/2] 2.71ns  loc: DeepLearningHLS/layer4_hls.c:25
ifBlock:32  %Layer3_Weights_CPU_h_6 = load i16* %Layer3_Weights_CPU_h_5, align 2

ST_5: sum_0_2 (69)  [1/1] 1.84ns
ifBlock:34  %sum_0_2 = add i11 %phi_mul, 2

ST_5: sum_0_2_cast (70)  [1/1] 0.00ns
ifBlock:35  %sum_0_2_cast = zext i11 %sum_0_2 to i32

ST_5: Layer3_Neurons_CPU_h_4 (71)  [1/1] 0.00ns  loc: DeepLearningHLS/layer4_hls.c:25
ifBlock:36  %Layer3_Neurons_CPU_h_4 = getelementptr [1250 x i16]* %Layer3_Neurons_CPU_hls, i32 0, i32 %sum_0_2_cast

ST_5: Layer3_Neurons_CPU_h_5 (72)  [2/2] 2.71ns  loc: DeepLearningHLS/layer4_hls.c:25
ifBlock:37  %Layer3_Neurons_CPU_h_5 = load i16* %Layer3_Neurons_CPU_h_4, align 2

ST_5: sum5_0_3 (76)  [1/1] 1.84ns
ifBlock:41  %sum5_0_3 = add i12 %sum5, 3

ST_5: sum5_0_3_cast (77)  [1/1] 0.00ns
ifBlock:42  %sum5_0_3_cast = sext i12 %sum5_0_3 to i32

ST_5: Layer3_Weights_CPU_h_7 (78)  [1/1] 0.00ns  loc: DeepLearningHLS/layer4_hls.c:25
ifBlock:43  %Layer3_Weights_CPU_h_7 = getelementptr [1250 x i16]* %Layer3_Weights_CPU_hls, i32 0, i32 %sum5_0_3_cast

ST_5: Layer3_Weights_CPU_h_8 (79)  [2/2] 2.71ns  loc: DeepLearningHLS/layer4_hls.c:25
ifBlock:44  %Layer3_Weights_CPU_h_8 = load i16* %Layer3_Weights_CPU_h_7, align 2

ST_5: sum_0_3 (81)  [1/1] 1.84ns
ifBlock:46  %sum_0_3 = add i11 %phi_mul, 3

ST_5: sum_0_3_cast (82)  [1/1] 0.00ns
ifBlock:47  %sum_0_3_cast = zext i11 %sum_0_3 to i32

ST_5: Layer3_Neurons_CPU_h_6 (83)  [1/1] 0.00ns  loc: DeepLearningHLS/layer4_hls.c:25
ifBlock:48  %Layer3_Neurons_CPU_h_6 = getelementptr [1250 x i16]* %Layer3_Neurons_CPU_hls, i32 0, i32 %sum_0_3_cast

ST_5: Layer3_Neurons_CPU_h_7 (84)  [2/2] 2.71ns  loc: DeepLearningHLS/layer4_hls.c:25
ifBlock:49  %Layer3_Neurons_CPU_h_7 = load i16* %Layer3_Neurons_CPU_h_6, align 2


 <State 6>: 6.38ns
ST_6: tmp_115_cast (47)  [1/1] 0.00ns  loc: DeepLearningHLS/layer4_hls.c:25
ifBlock:12  %tmp_115_cast = zext i16 %Layer3_Weights_CPU_h_2 to i24

ST_6: tmp_118_cast (50)  [1/1] 0.00ns  loc: DeepLearningHLS/layer4_hls.c:25
ifBlock:15  %tmp_118_cast = zext i16 %Layer3_Neurons_CPU_h_1 to i24

ST_6: tmp_24 (51)  [1/1] 6.38ns  loc: DeepLearningHLS/layer4_hls.c:25
ifBlock:16  %tmp_24 = mul i24 %tmp_118_cast, %tmp_115_cast

ST_6: tmp_25 (52)  [1/1] 0.00ns  loc: DeepLearningHLS/layer4_hls.c:25
ifBlock:17  %tmp_25 = call i16 @_ssdm_op_PartSelect.i16.i24.i32.i32(i24 %tmp_24, i32 8, i32 23)

ST_6: tmp_115_0_1_cast (57)  [1/1] 0.00ns  loc: DeepLearningHLS/layer4_hls.c:25
ifBlock:22  %tmp_115_0_1_cast = zext i16 %Layer3_Weights_CPU_h_4 to i24

ST_6: tmp_118_0_1_cast (61)  [1/1] 0.00ns  loc: DeepLearningHLS/layer4_hls.c:25
ifBlock:26  %tmp_118_0_1_cast = zext i16 %Layer3_Neurons_CPU_h_3 to i24

ST_6: tmp_119_0_1 (62)  [1/1] 6.38ns  loc: DeepLearningHLS/layer4_hls.c:25
ifBlock:27  %tmp_119_0_1 = mul i24 %tmp_118_0_1_cast, %tmp_115_0_1_cast

ST_6: tmp_121_0_1 (63)  [1/1] 0.00ns  loc: DeepLearningHLS/layer4_hls.c:25
ifBlock:28  %tmp_121_0_1 = call i16 @_ssdm_op_PartSelect.i16.i24.i32.i32(i24 %tmp_119_0_1, i32 8, i32 23)

ST_6: Layer3_Weights_CPU_h_6 (67)  [1/2] 2.71ns  loc: DeepLearningHLS/layer4_hls.c:25
ifBlock:32  %Layer3_Weights_CPU_h_6 = load i16* %Layer3_Weights_CPU_h_5, align 2

ST_6: Layer3_Neurons_CPU_h_5 (72)  [1/2] 2.71ns  loc: DeepLearningHLS/layer4_hls.c:25
ifBlock:37  %Layer3_Neurons_CPU_h_5 = load i16* %Layer3_Neurons_CPU_h_4, align 2

ST_6: Layer3_Weights_CPU_h_8 (79)  [1/2] 2.71ns  loc: DeepLearningHLS/layer4_hls.c:25
ifBlock:44  %Layer3_Weights_CPU_h_8 = load i16* %Layer3_Weights_CPU_h_7, align 2

ST_6: Layer3_Neurons_CPU_h_7 (84)  [1/2] 2.71ns  loc: DeepLearningHLS/layer4_hls.c:25
ifBlock:49  %Layer3_Neurons_CPU_h_7 = load i16* %Layer3_Neurons_CPU_h_6, align 2

ST_6: sum5_0_4 (88)  [1/1] 1.84ns
ifBlock:53  %sum5_0_4 = add i12 %sum5, 4

ST_6: sum5_0_4_cast (89)  [1/1] 0.00ns
ifBlock:54  %sum5_0_4_cast = sext i12 %sum5_0_4 to i32

ST_6: Layer3_Weights_CPU_h_9 (90)  [1/1] 0.00ns  loc: DeepLearningHLS/layer4_hls.c:25
ifBlock:55  %Layer3_Weights_CPU_h_9 = getelementptr [1250 x i16]* %Layer3_Weights_CPU_hls, i32 0, i32 %sum5_0_4_cast

ST_6: Layer3_Weights_CPU_h_10 (91)  [2/2] 2.71ns  loc: DeepLearningHLS/layer4_hls.c:25
ifBlock:56  %Layer3_Weights_CPU_h_10 = load i16* %Layer3_Weights_CPU_h_9, align 2

ST_6: sum_0_4 (93)  [1/1] 1.84ns
ifBlock:58  %sum_0_4 = add i11 %phi_mul, 4

ST_6: sum_0_4_cast (94)  [1/1] 0.00ns
ifBlock:59  %sum_0_4_cast = zext i11 %sum_0_4 to i32

ST_6: Layer3_Neurons_CPU_h_8 (95)  [1/1] 0.00ns  loc: DeepLearningHLS/layer4_hls.c:25
ifBlock:60  %Layer3_Neurons_CPU_h_8 = getelementptr [1250 x i16]* %Layer3_Neurons_CPU_hls, i32 0, i32 %sum_0_4_cast

ST_6: Layer3_Neurons_CPU_h_9 (96)  [2/2] 2.71ns  loc: DeepLearningHLS/layer4_hls.c:25
ifBlock:61  %Layer3_Neurons_CPU_h_9 = load i16* %Layer3_Neurons_CPU_h_8, align 2

ST_6: sum5_1 (100)  [1/1] 1.84ns
ifBlock:65  %sum5_1 = add i12 %sum5, 5

ST_6: sum5_1_cast (101)  [1/1] 0.00ns
ifBlock:66  %sum5_1_cast = sext i12 %sum5_1 to i32

ST_6: Layer3_Weights_CPU_h_11 (102)  [1/1] 0.00ns  loc: DeepLearningHLS/layer4_hls.c:25
ifBlock:67  %Layer3_Weights_CPU_h_11 = getelementptr [1250 x i16]* %Layer3_Weights_CPU_hls, i32 0, i32 %sum5_1_cast

ST_6: Layer3_Weights_CPU_h_12 (103)  [2/2] 2.71ns  loc: DeepLearningHLS/layer4_hls.c:25
ifBlock:68  %Layer3_Weights_CPU_h_12 = load i16* %Layer3_Weights_CPU_h_11, align 2

ST_6: sum_1 (105)  [1/1] 1.84ns
ifBlock:70  %sum_1 = add i11 %phi_mul, 5

ST_6: sum_1_cast (106)  [1/1] 0.00ns
ifBlock:71  %sum_1_cast = zext i11 %sum_1 to i32

ST_6: Layer3_Neurons_CPU_h_10 (107)  [1/1] 0.00ns  loc: DeepLearningHLS/layer4_hls.c:25
ifBlock:72  %Layer3_Neurons_CPU_h_10 = getelementptr [1250 x i16]* %Layer3_Neurons_CPU_hls, i32 0, i32 %sum_1_cast

ST_6: Layer3_Neurons_CPU_h_11 (108)  [2/2] 2.71ns  loc: DeepLearningHLS/layer4_hls.c:25
ifBlock:73  %Layer3_Neurons_CPU_h_11 = load i16* %Layer3_Neurons_CPU_h_10, align 2


 <State 7>: 6.38ns
ST_7: tmp_115_0_2_cast (68)  [1/1] 0.00ns  loc: DeepLearningHLS/layer4_hls.c:25
ifBlock:33  %tmp_115_0_2_cast = zext i16 %Layer3_Weights_CPU_h_6 to i24

ST_7: tmp_118_0_2_cast (73)  [1/1] 0.00ns  loc: DeepLearningHLS/layer4_hls.c:25
ifBlock:38  %tmp_118_0_2_cast = zext i16 %Layer3_Neurons_CPU_h_5 to i24

ST_7: tmp_119_0_2 (74)  [1/1] 6.38ns  loc: DeepLearningHLS/layer4_hls.c:25
ifBlock:39  %tmp_119_0_2 = mul i24 %tmp_118_0_2_cast, %tmp_115_0_2_cast

ST_7: tmp_121_0_2 (75)  [1/1] 0.00ns  loc: DeepLearningHLS/layer4_hls.c:25
ifBlock:40  %tmp_121_0_2 = call i16 @_ssdm_op_PartSelect.i16.i24.i32.i32(i24 %tmp_119_0_2, i32 8, i32 23)

ST_7: tmp_115_0_3_cast (80)  [1/1] 0.00ns  loc: DeepLearningHLS/layer4_hls.c:25
ifBlock:45  %tmp_115_0_3_cast = zext i16 %Layer3_Weights_CPU_h_8 to i24

ST_7: tmp_118_0_3_cast (85)  [1/1] 0.00ns  loc: DeepLearningHLS/layer4_hls.c:25
ifBlock:50  %tmp_118_0_3_cast = zext i16 %Layer3_Neurons_CPU_h_7 to i24

ST_7: tmp_119_0_3 (86)  [1/1] 6.38ns  loc: DeepLearningHLS/layer4_hls.c:25
ifBlock:51  %tmp_119_0_3 = mul i24 %tmp_118_0_3_cast, %tmp_115_0_3_cast

ST_7: tmp_121_0_3 (87)  [1/1] 0.00ns  loc: DeepLearningHLS/layer4_hls.c:25
ifBlock:52  %tmp_121_0_3 = call i16 @_ssdm_op_PartSelect.i16.i24.i32.i32(i24 %tmp_119_0_3, i32 8, i32 23)

ST_7: Layer3_Weights_CPU_h_10 (91)  [1/2] 2.71ns  loc: DeepLearningHLS/layer4_hls.c:25
ifBlock:56  %Layer3_Weights_CPU_h_10 = load i16* %Layer3_Weights_CPU_h_9, align 2

ST_7: Layer3_Neurons_CPU_h_9 (96)  [1/2] 2.71ns  loc: DeepLearningHLS/layer4_hls.c:25
ifBlock:61  %Layer3_Neurons_CPU_h_9 = load i16* %Layer3_Neurons_CPU_h_8, align 2

ST_7: Layer3_Weights_CPU_h_12 (103)  [1/2] 2.71ns  loc: DeepLearningHLS/layer4_hls.c:25
ifBlock:68  %Layer3_Weights_CPU_h_12 = load i16* %Layer3_Weights_CPU_h_11, align 2

ST_7: Layer3_Neurons_CPU_h_11 (108)  [1/2] 2.71ns  loc: DeepLearningHLS/layer4_hls.c:25
ifBlock:73  %Layer3_Neurons_CPU_h_11 = load i16* %Layer3_Neurons_CPU_h_10, align 2

ST_7: sum5_1_1 (112)  [1/1] 1.84ns
ifBlock:77  %sum5_1_1 = add i12 %sum5, 6

ST_7: sum5_1_1_cast (113)  [1/1] 0.00ns
ifBlock:78  %sum5_1_1_cast = sext i12 %sum5_1_1 to i32

ST_7: Layer3_Weights_CPU_h_13 (114)  [1/1] 0.00ns  loc: DeepLearningHLS/layer4_hls.c:25
ifBlock:79  %Layer3_Weights_CPU_h_13 = getelementptr [1250 x i16]* %Layer3_Weights_CPU_hls, i32 0, i32 %sum5_1_1_cast

ST_7: Layer3_Weights_CPU_h_14 (115)  [2/2] 2.71ns  loc: DeepLearningHLS/layer4_hls.c:25
ifBlock:80  %Layer3_Weights_CPU_h_14 = load i16* %Layer3_Weights_CPU_h_13, align 2

ST_7: sum_1_1 (117)  [1/1] 1.84ns
ifBlock:82  %sum_1_1 = add i11 %phi_mul, 6

ST_7: sum_1_1_cast (118)  [1/1] 0.00ns
ifBlock:83  %sum_1_1_cast = zext i11 %sum_1_1 to i32

ST_7: Layer3_Neurons_CPU_h_12 (119)  [1/1] 0.00ns  loc: DeepLearningHLS/layer4_hls.c:25
ifBlock:84  %Layer3_Neurons_CPU_h_12 = getelementptr [1250 x i16]* %Layer3_Neurons_CPU_hls, i32 0, i32 %sum_1_1_cast

ST_7: Layer3_Neurons_CPU_h_13 (120)  [2/2] 2.71ns  loc: DeepLearningHLS/layer4_hls.c:25
ifBlock:85  %Layer3_Neurons_CPU_h_13 = load i16* %Layer3_Neurons_CPU_h_12, align 2

ST_7: sum5_1_2 (124)  [1/1] 1.84ns
ifBlock:89  %sum5_1_2 = add i12 %sum5, 7

ST_7: sum5_1_2_cast (125)  [1/1] 0.00ns
ifBlock:90  %sum5_1_2_cast = sext i12 %sum5_1_2 to i32

ST_7: Layer3_Weights_CPU_h_15 (126)  [1/1] 0.00ns  loc: DeepLearningHLS/layer4_hls.c:25
ifBlock:91  %Layer3_Weights_CPU_h_15 = getelementptr [1250 x i16]* %Layer3_Weights_CPU_hls, i32 0, i32 %sum5_1_2_cast

ST_7: Layer3_Weights_CPU_h_16 (127)  [2/2] 2.71ns  loc: DeepLearningHLS/layer4_hls.c:25
ifBlock:92  %Layer3_Weights_CPU_h_16 = load i16* %Layer3_Weights_CPU_h_15, align 2

ST_7: sum_1_2 (129)  [1/1] 1.84ns
ifBlock:94  %sum_1_2 = add i11 %phi_mul, 7

ST_7: sum_1_2_cast (130)  [1/1] 0.00ns
ifBlock:95  %sum_1_2_cast = zext i11 %sum_1_2 to i32

ST_7: Layer3_Neurons_CPU_h_14 (131)  [1/1] 0.00ns  loc: DeepLearningHLS/layer4_hls.c:25
ifBlock:96  %Layer3_Neurons_CPU_h_14 = getelementptr [1250 x i16]* %Layer3_Neurons_CPU_hls, i32 0, i32 %sum_1_2_cast

ST_7: Layer3_Neurons_CPU_h_15 (132)  [2/2] 2.71ns  loc: DeepLearningHLS/layer4_hls.c:25
ifBlock:97  %Layer3_Neurons_CPU_h_15 = load i16* %Layer3_Neurons_CPU_h_14, align 2


 <State 8>: 6.38ns
ST_8: tmp_115_0_4_cast (92)  [1/1] 0.00ns  loc: DeepLearningHLS/layer4_hls.c:25
ifBlock:57  %tmp_115_0_4_cast = zext i16 %Layer3_Weights_CPU_h_10 to i24

ST_8: tmp_118_0_4_cast (97)  [1/1] 0.00ns  loc: DeepLearningHLS/layer4_hls.c:25
ifBlock:62  %tmp_118_0_4_cast = zext i16 %Layer3_Neurons_CPU_h_9 to i24

ST_8: tmp_119_0_4 (98)  [1/1] 6.38ns  loc: DeepLearningHLS/layer4_hls.c:25
ifBlock:63  %tmp_119_0_4 = mul i24 %tmp_118_0_4_cast, %tmp_115_0_4_cast

ST_8: tmp_121_0_4 (99)  [1/1] 0.00ns  loc: DeepLearningHLS/layer4_hls.c:25
ifBlock:64  %tmp_121_0_4 = call i16 @_ssdm_op_PartSelect.i16.i24.i32.i32(i24 %tmp_119_0_4, i32 8, i32 23)

ST_8: tmp_115_1_cast (104)  [1/1] 0.00ns  loc: DeepLearningHLS/layer4_hls.c:25
ifBlock:69  %tmp_115_1_cast = zext i16 %Layer3_Weights_CPU_h_12 to i24

ST_8: tmp_118_1_cast (109)  [1/1] 0.00ns  loc: DeepLearningHLS/layer4_hls.c:25
ifBlock:74  %tmp_118_1_cast = zext i16 %Layer3_Neurons_CPU_h_11 to i24

ST_8: tmp_119_1 (110)  [1/1] 6.38ns  loc: DeepLearningHLS/layer4_hls.c:25
ifBlock:75  %tmp_119_1 = mul i24 %tmp_118_1_cast, %tmp_115_1_cast

ST_8: tmp_121_1 (111)  [1/1] 0.00ns  loc: DeepLearningHLS/layer4_hls.c:25
ifBlock:76  %tmp_121_1 = call i16 @_ssdm_op_PartSelect.i16.i24.i32.i32(i24 %tmp_119_1, i32 8, i32 23)

ST_8: Layer3_Weights_CPU_h_14 (115)  [1/2] 2.71ns  loc: DeepLearningHLS/layer4_hls.c:25
ifBlock:80  %Layer3_Weights_CPU_h_14 = load i16* %Layer3_Weights_CPU_h_13, align 2

ST_8: Layer3_Neurons_CPU_h_13 (120)  [1/2] 2.71ns  loc: DeepLearningHLS/layer4_hls.c:25
ifBlock:85  %Layer3_Neurons_CPU_h_13 = load i16* %Layer3_Neurons_CPU_h_12, align 2

ST_8: Layer3_Weights_CPU_h_16 (127)  [1/2] 2.71ns  loc: DeepLearningHLS/layer4_hls.c:25
ifBlock:92  %Layer3_Weights_CPU_h_16 = load i16* %Layer3_Weights_CPU_h_15, align 2

ST_8: Layer3_Neurons_CPU_h_15 (132)  [1/2] 2.71ns  loc: DeepLearningHLS/layer4_hls.c:25
ifBlock:97  %Layer3_Neurons_CPU_h_15 = load i16* %Layer3_Neurons_CPU_h_14, align 2

ST_8: sum5_1_3 (136)  [1/1] 1.84ns
ifBlock:101  %sum5_1_3 = add i12 %sum5, 8

ST_8: sum5_1_3_cast (137)  [1/1] 0.00ns
ifBlock:102  %sum5_1_3_cast = sext i12 %sum5_1_3 to i32

ST_8: Layer3_Weights_CPU_h_17 (138)  [1/1] 0.00ns  loc: DeepLearningHLS/layer4_hls.c:25
ifBlock:103  %Layer3_Weights_CPU_h_17 = getelementptr [1250 x i16]* %Layer3_Weights_CPU_hls, i32 0, i32 %sum5_1_3_cast

ST_8: Layer3_Weights_CPU_h_18 (139)  [2/2] 2.71ns  loc: DeepLearningHLS/layer4_hls.c:25
ifBlock:104  %Layer3_Weights_CPU_h_18 = load i16* %Layer3_Weights_CPU_h_17, align 2

ST_8: sum_1_3 (141)  [1/1] 1.84ns
ifBlock:106  %sum_1_3 = add i11 %phi_mul, 8

ST_8: sum_1_3_cast (142)  [1/1] 0.00ns
ifBlock:107  %sum_1_3_cast = zext i11 %sum_1_3 to i32

ST_8: Layer3_Neurons_CPU_h_16 (143)  [1/1] 0.00ns  loc: DeepLearningHLS/layer4_hls.c:25
ifBlock:108  %Layer3_Neurons_CPU_h_16 = getelementptr [1250 x i16]* %Layer3_Neurons_CPU_hls, i32 0, i32 %sum_1_3_cast

ST_8: Layer3_Neurons_CPU_h_17 (144)  [2/2] 2.71ns  loc: DeepLearningHLS/layer4_hls.c:25
ifBlock:109  %Layer3_Neurons_CPU_h_17 = load i16* %Layer3_Neurons_CPU_h_16, align 2

ST_8: sum5_1_4 (148)  [1/1] 1.84ns
ifBlock:113  %sum5_1_4 = add i12 %sum5, 9

ST_8: sum5_1_4_cast (149)  [1/1] 0.00ns
ifBlock:114  %sum5_1_4_cast = sext i12 %sum5_1_4 to i32

ST_8: Layer3_Weights_CPU_h_19 (150)  [1/1] 0.00ns  loc: DeepLearningHLS/layer4_hls.c:25
ifBlock:115  %Layer3_Weights_CPU_h_19 = getelementptr [1250 x i16]* %Layer3_Weights_CPU_hls, i32 0, i32 %sum5_1_4_cast

ST_8: Layer3_Weights_CPU_h_20 (151)  [2/2] 2.71ns  loc: DeepLearningHLS/layer4_hls.c:25
ifBlock:116  %Layer3_Weights_CPU_h_20 = load i16* %Layer3_Weights_CPU_h_19, align 2

ST_8: sum_1_4 (153)  [1/1] 1.84ns
ifBlock:118  %sum_1_4 = add i11 %phi_mul, 9

ST_8: sum_1_4_cast (154)  [1/1] 0.00ns
ifBlock:119  %sum_1_4_cast = zext i11 %sum_1_4 to i32

ST_8: Layer3_Neurons_CPU_h_18 (155)  [1/1] 0.00ns  loc: DeepLearningHLS/layer4_hls.c:25
ifBlock:120  %Layer3_Neurons_CPU_h_18 = getelementptr [1250 x i16]* %Layer3_Neurons_CPU_hls, i32 0, i32 %sum_1_4_cast

ST_8: Layer3_Neurons_CPU_h_19 (156)  [2/2] 2.71ns  loc: DeepLearningHLS/layer4_hls.c:25
ifBlock:121  %Layer3_Neurons_CPU_h_19 = load i16* %Layer3_Neurons_CPU_h_18, align 2

ST_8: tmp5 (340)  [1/1] 1.73ns  loc: DeepLearningHLS/layer4_hls.c:25
ifBlock:305  %tmp5 = add i16 %tmp_121_0_1, %tmp_121_0_2

ST_8: tmp4 (341)  [1/1] 1.73ns  loc: DeepLearningHLS/layer4_hls.c:25
ifBlock:306  %tmp4 = add i16 %tmp5, %tmp_25


 <State 9>: 6.38ns
ST_9: tmp_115_1_1_cast (116)  [1/1] 0.00ns  loc: DeepLearningHLS/layer4_hls.c:25
ifBlock:81  %tmp_115_1_1_cast = zext i16 %Layer3_Weights_CPU_h_14 to i24

ST_9: tmp_118_1_1_cast (121)  [1/1] 0.00ns  loc: DeepLearningHLS/layer4_hls.c:25
ifBlock:86  %tmp_118_1_1_cast = zext i16 %Layer3_Neurons_CPU_h_13 to i24

ST_9: tmp_119_1_1 (122)  [1/1] 6.38ns  loc: DeepLearningHLS/layer4_hls.c:25
ifBlock:87  %tmp_119_1_1 = mul i24 %tmp_118_1_1_cast, %tmp_115_1_1_cast

ST_9: tmp_121_1_1 (123)  [1/1] 0.00ns  loc: DeepLearningHLS/layer4_hls.c:25
ifBlock:88  %tmp_121_1_1 = call i16 @_ssdm_op_PartSelect.i16.i24.i32.i32(i24 %tmp_119_1_1, i32 8, i32 23)

ST_9: tmp_115_1_2_cast (128)  [1/1] 0.00ns  loc: DeepLearningHLS/layer4_hls.c:25
ifBlock:93  %tmp_115_1_2_cast = zext i16 %Layer3_Weights_CPU_h_16 to i24

ST_9: tmp_118_1_2_cast (133)  [1/1] 0.00ns  loc: DeepLearningHLS/layer4_hls.c:25
ifBlock:98  %tmp_118_1_2_cast = zext i16 %Layer3_Neurons_CPU_h_15 to i24

ST_9: tmp_119_1_2 (134)  [1/1] 6.38ns  loc: DeepLearningHLS/layer4_hls.c:25
ifBlock:99  %tmp_119_1_2 = mul i24 %tmp_118_1_2_cast, %tmp_115_1_2_cast

ST_9: tmp_121_1_2 (135)  [1/1] 0.00ns  loc: DeepLearningHLS/layer4_hls.c:25
ifBlock:100  %tmp_121_1_2 = call i16 @_ssdm_op_PartSelect.i16.i24.i32.i32(i24 %tmp_119_1_2, i32 8, i32 23)

ST_9: Layer3_Weights_CPU_h_18 (139)  [1/2] 2.71ns  loc: DeepLearningHLS/layer4_hls.c:25
ifBlock:104  %Layer3_Weights_CPU_h_18 = load i16* %Layer3_Weights_CPU_h_17, align 2

ST_9: Layer3_Neurons_CPU_h_17 (144)  [1/2] 2.71ns  loc: DeepLearningHLS/layer4_hls.c:25
ifBlock:109  %Layer3_Neurons_CPU_h_17 = load i16* %Layer3_Neurons_CPU_h_16, align 2

ST_9: Layer3_Weights_CPU_h_20 (151)  [1/2] 2.71ns  loc: DeepLearningHLS/layer4_hls.c:25
ifBlock:116  %Layer3_Weights_CPU_h_20 = load i16* %Layer3_Weights_CPU_h_19, align 2

ST_9: Layer3_Neurons_CPU_h_19 (156)  [1/2] 2.71ns  loc: DeepLearningHLS/layer4_hls.c:25
ifBlock:121  %Layer3_Neurons_CPU_h_19 = load i16* %Layer3_Neurons_CPU_h_18, align 2

ST_9: sum5_2 (160)  [1/1] 1.84ns
ifBlock:125  %sum5_2 = add i12 %sum5, 10

ST_9: sum5_2_cast (161)  [1/1] 0.00ns
ifBlock:126  %sum5_2_cast = sext i12 %sum5_2 to i32

ST_9: Layer3_Weights_CPU_h_21 (162)  [1/1] 0.00ns  loc: DeepLearningHLS/layer4_hls.c:25
ifBlock:127  %Layer3_Weights_CPU_h_21 = getelementptr [1250 x i16]* %Layer3_Weights_CPU_hls, i32 0, i32 %sum5_2_cast

ST_9: Layer3_Weights_CPU_h_22 (163)  [2/2] 2.71ns  loc: DeepLearningHLS/layer4_hls.c:25
ifBlock:128  %Layer3_Weights_CPU_h_22 = load i16* %Layer3_Weights_CPU_h_21, align 2

ST_9: sum_2 (165)  [1/1] 1.84ns
ifBlock:130  %sum_2 = add i11 %phi_mul, 10

ST_9: sum_2_cast (166)  [1/1] 0.00ns
ifBlock:131  %sum_2_cast = zext i11 %sum_2 to i32

ST_9: Layer3_Neurons_CPU_h_20 (167)  [1/1] 0.00ns  loc: DeepLearningHLS/layer4_hls.c:25
ifBlock:132  %Layer3_Neurons_CPU_h_20 = getelementptr [1250 x i16]* %Layer3_Neurons_CPU_hls, i32 0, i32 %sum_2_cast

ST_9: Layer3_Neurons_CPU_h_21 (168)  [2/2] 2.71ns  loc: DeepLearningHLS/layer4_hls.c:25
ifBlock:133  %Layer3_Neurons_CPU_h_21 = load i16* %Layer3_Neurons_CPU_h_20, align 2

ST_9: sum5_2_1 (172)  [1/1] 1.84ns
ifBlock:137  %sum5_2_1 = add i12 %sum5, 11

ST_9: sum5_2_1_cast (173)  [1/1] 0.00ns
ifBlock:138  %sum5_2_1_cast = sext i12 %sum5_2_1 to i32

ST_9: Layer3_Weights_CPU_h_23 (174)  [1/1] 0.00ns  loc: DeepLearningHLS/layer4_hls.c:25
ifBlock:139  %Layer3_Weights_CPU_h_23 = getelementptr [1250 x i16]* %Layer3_Weights_CPU_hls, i32 0, i32 %sum5_2_1_cast

ST_9: Layer3_Weights_CPU_h_24 (175)  [2/2] 2.71ns  loc: DeepLearningHLS/layer4_hls.c:25
ifBlock:140  %Layer3_Weights_CPU_h_24 = load i16* %Layer3_Weights_CPU_h_23, align 2

ST_9: sum_2_1 (177)  [1/1] 1.84ns
ifBlock:142  %sum_2_1 = add i11 %phi_mul, 11

ST_9: sum_2_1_cast (178)  [1/1] 0.00ns
ifBlock:143  %sum_2_1_cast = zext i11 %sum_2_1 to i32

ST_9: Layer3_Neurons_CPU_h_22 (179)  [1/1] 0.00ns  loc: DeepLearningHLS/layer4_hls.c:25
ifBlock:144  %Layer3_Neurons_CPU_h_22 = getelementptr [1250 x i16]* %Layer3_Neurons_CPU_hls, i32 0, i32 %sum_2_1_cast

ST_9: Layer3_Neurons_CPU_h_23 (180)  [2/2] 2.71ns  loc: DeepLearningHLS/layer4_hls.c:25
ifBlock:145  %Layer3_Neurons_CPU_h_23 = load i16* %Layer3_Neurons_CPU_h_22, align 2

ST_9: tmp7 (342)  [1/1] 1.73ns  loc: DeepLearningHLS/layer4_hls.c:25
ifBlock:307  %tmp7 = add i16 %tmp_121_0_4, %tmp_121_1

ST_9: tmp6 (343)  [1/1] 1.73ns  loc: DeepLearningHLS/layer4_hls.c:25
ifBlock:308  %tmp6 = add i16 %tmp7, %tmp_121_0_3


 <State 10>: 6.38ns
ST_10: tmp_115_1_3_cast (140)  [1/1] 0.00ns  loc: DeepLearningHLS/layer4_hls.c:25
ifBlock:105  %tmp_115_1_3_cast = zext i16 %Layer3_Weights_CPU_h_18 to i24

ST_10: tmp_118_1_3_cast (145)  [1/1] 0.00ns  loc: DeepLearningHLS/layer4_hls.c:25
ifBlock:110  %tmp_118_1_3_cast = zext i16 %Layer3_Neurons_CPU_h_17 to i24

ST_10: tmp_119_1_3 (146)  [1/1] 6.38ns  loc: DeepLearningHLS/layer4_hls.c:25
ifBlock:111  %tmp_119_1_3 = mul i24 %tmp_118_1_3_cast, %tmp_115_1_3_cast

ST_10: tmp_121_1_3 (147)  [1/1] 0.00ns  loc: DeepLearningHLS/layer4_hls.c:25
ifBlock:112  %tmp_121_1_3 = call i16 @_ssdm_op_PartSelect.i16.i24.i32.i32(i24 %tmp_119_1_3, i32 8, i32 23)

ST_10: tmp_115_1_4_cast (152)  [1/1] 0.00ns  loc: DeepLearningHLS/layer4_hls.c:25
ifBlock:117  %tmp_115_1_4_cast = zext i16 %Layer3_Weights_CPU_h_20 to i24

ST_10: tmp_118_1_4_cast (157)  [1/1] 0.00ns  loc: DeepLearningHLS/layer4_hls.c:25
ifBlock:122  %tmp_118_1_4_cast = zext i16 %Layer3_Neurons_CPU_h_19 to i24

ST_10: tmp_119_1_4 (158)  [1/1] 6.38ns  loc: DeepLearningHLS/layer4_hls.c:25
ifBlock:123  %tmp_119_1_4 = mul i24 %tmp_118_1_4_cast, %tmp_115_1_4_cast

ST_10: tmp_121_1_4 (159)  [1/1] 0.00ns  loc: DeepLearningHLS/layer4_hls.c:25
ifBlock:124  %tmp_121_1_4 = call i16 @_ssdm_op_PartSelect.i16.i24.i32.i32(i24 %tmp_119_1_4, i32 8, i32 23)

ST_10: Layer3_Weights_CPU_h_22 (163)  [1/2] 2.71ns  loc: DeepLearningHLS/layer4_hls.c:25
ifBlock:128  %Layer3_Weights_CPU_h_22 = load i16* %Layer3_Weights_CPU_h_21, align 2

ST_10: Layer3_Neurons_CPU_h_21 (168)  [1/2] 2.71ns  loc: DeepLearningHLS/layer4_hls.c:25
ifBlock:133  %Layer3_Neurons_CPU_h_21 = load i16* %Layer3_Neurons_CPU_h_20, align 2

ST_10: Layer3_Weights_CPU_h_24 (175)  [1/2] 2.71ns  loc: DeepLearningHLS/layer4_hls.c:25
ifBlock:140  %Layer3_Weights_CPU_h_24 = load i16* %Layer3_Weights_CPU_h_23, align 2

ST_10: Layer3_Neurons_CPU_h_23 (180)  [1/2] 2.71ns  loc: DeepLearningHLS/layer4_hls.c:25
ifBlock:145  %Layer3_Neurons_CPU_h_23 = load i16* %Layer3_Neurons_CPU_h_22, align 2

ST_10: sum5_2_2 (184)  [1/1] 1.84ns
ifBlock:149  %sum5_2_2 = add i12 %sum5, 12

ST_10: sum5_2_2_cast (185)  [1/1] 0.00ns
ifBlock:150  %sum5_2_2_cast = sext i12 %sum5_2_2 to i32

ST_10: Layer3_Weights_CPU_h_25 (186)  [1/1] 0.00ns  loc: DeepLearningHLS/layer4_hls.c:25
ifBlock:151  %Layer3_Weights_CPU_h_25 = getelementptr [1250 x i16]* %Layer3_Weights_CPU_hls, i32 0, i32 %sum5_2_2_cast

ST_10: Layer3_Weights_CPU_h_26 (187)  [2/2] 2.71ns  loc: DeepLearningHLS/layer4_hls.c:25
ifBlock:152  %Layer3_Weights_CPU_h_26 = load i16* %Layer3_Weights_CPU_h_25, align 2

ST_10: sum_2_2 (189)  [1/1] 1.84ns
ifBlock:154  %sum_2_2 = add i11 %phi_mul, 12

ST_10: sum_2_2_cast (190)  [1/1] 0.00ns
ifBlock:155  %sum_2_2_cast = zext i11 %sum_2_2 to i32

ST_10: Layer3_Neurons_CPU_h_24 (191)  [1/1] 0.00ns  loc: DeepLearningHLS/layer4_hls.c:25
ifBlock:156  %Layer3_Neurons_CPU_h_24 = getelementptr [1250 x i16]* %Layer3_Neurons_CPU_hls, i32 0, i32 %sum_2_2_cast

ST_10: Layer3_Neurons_CPU_h_25 (192)  [2/2] 2.71ns  loc: DeepLearningHLS/layer4_hls.c:25
ifBlock:157  %Layer3_Neurons_CPU_h_25 = load i16* %Layer3_Neurons_CPU_h_24, align 2


 <State 11>: 6.38ns
ST_11: tmp_115_2_cast (164)  [1/1] 0.00ns  loc: DeepLearningHLS/layer4_hls.c:25
ifBlock:129  %tmp_115_2_cast = zext i16 %Layer3_Weights_CPU_h_22 to i24

ST_11: tmp_118_2_cast (169)  [1/1] 0.00ns  loc: DeepLearningHLS/layer4_hls.c:25
ifBlock:134  %tmp_118_2_cast = zext i16 %Layer3_Neurons_CPU_h_21 to i24

ST_11: tmp_119_2 (170)  [1/1] 6.38ns  loc: DeepLearningHLS/layer4_hls.c:25
ifBlock:135  %tmp_119_2 = mul i24 %tmp_118_2_cast, %tmp_115_2_cast

ST_11: tmp_121_2 (171)  [1/1] 0.00ns  loc: DeepLearningHLS/layer4_hls.c:25
ifBlock:136  %tmp_121_2 = call i16 @_ssdm_op_PartSelect.i16.i24.i32.i32(i24 %tmp_119_2, i32 8, i32 23)

ST_11: tmp_115_2_1_cast (176)  [1/1] 0.00ns  loc: DeepLearningHLS/layer4_hls.c:25
ifBlock:141  %tmp_115_2_1_cast = zext i16 %Layer3_Weights_CPU_h_24 to i24

ST_11: tmp_118_2_1_cast (181)  [1/1] 0.00ns  loc: DeepLearningHLS/layer4_hls.c:25
ifBlock:146  %tmp_118_2_1_cast = zext i16 %Layer3_Neurons_CPU_h_23 to i24

ST_11: tmp_119_2_1 (182)  [1/1] 6.38ns  loc: DeepLearningHLS/layer4_hls.c:25
ifBlock:147  %tmp_119_2_1 = mul i24 %tmp_118_2_1_cast, %tmp_115_2_1_cast

ST_11: tmp_121_2_1 (183)  [1/1] 0.00ns  loc: DeepLearningHLS/layer4_hls.c:25
ifBlock:148  %tmp_121_2_1 = call i16 @_ssdm_op_PartSelect.i16.i24.i32.i32(i24 %tmp_119_2_1, i32 8, i32 23)

ST_11: Layer3_Weights_CPU_h_26 (187)  [1/2] 2.71ns  loc: DeepLearningHLS/layer4_hls.c:25
ifBlock:152  %Layer3_Weights_CPU_h_26 = load i16* %Layer3_Weights_CPU_h_25, align 2

ST_11: Layer3_Neurons_CPU_h_25 (192)  [1/2] 2.71ns  loc: DeepLearningHLS/layer4_hls.c:25
ifBlock:157  %Layer3_Neurons_CPU_h_25 = load i16* %Layer3_Neurons_CPU_h_24, align 2

ST_11: sum5_2_3 (196)  [1/1] 1.84ns
ifBlock:161  %sum5_2_3 = add i12 %sum5, 13

ST_11: sum5_2_3_cast (197)  [1/1] 0.00ns
ifBlock:162  %sum5_2_3_cast = sext i12 %sum5_2_3 to i32

ST_11: Layer3_Weights_CPU_h_27 (198)  [1/1] 0.00ns  loc: DeepLearningHLS/layer4_hls.c:25
ifBlock:163  %Layer3_Weights_CPU_h_27 = getelementptr [1250 x i16]* %Layer3_Weights_CPU_hls, i32 0, i32 %sum5_2_3_cast

ST_11: Layer3_Weights_CPU_h_28 (199)  [2/2] 2.71ns  loc: DeepLearningHLS/layer4_hls.c:25
ifBlock:164  %Layer3_Weights_CPU_h_28 = load i16* %Layer3_Weights_CPU_h_27, align 2

ST_11: sum_2_3 (201)  [1/1] 1.84ns
ifBlock:166  %sum_2_3 = add i11 %phi_mul, 13

ST_11: sum_2_3_cast (202)  [1/1] 0.00ns
ifBlock:167  %sum_2_3_cast = zext i11 %sum_2_3 to i32

ST_11: Layer3_Neurons_CPU_h_26 (203)  [1/1] 0.00ns  loc: DeepLearningHLS/layer4_hls.c:25
ifBlock:168  %Layer3_Neurons_CPU_h_26 = getelementptr [1250 x i16]* %Layer3_Neurons_CPU_hls, i32 0, i32 %sum_2_3_cast

ST_11: Layer3_Neurons_CPU_h_27 (204)  [2/2] 2.71ns  loc: DeepLearningHLS/layer4_hls.c:25
ifBlock:169  %Layer3_Neurons_CPU_h_27 = load i16* %Layer3_Neurons_CPU_h_26, align 2

ST_11: sum5_2_4 (208)  [1/1] 1.84ns
ifBlock:173  %sum5_2_4 = add i12 %sum5, 14

ST_11: sum5_2_4_cast (209)  [1/1] 0.00ns
ifBlock:174  %sum5_2_4_cast = sext i12 %sum5_2_4 to i32

ST_11: Layer3_Weights_CPU_h_29 (210)  [1/1] 0.00ns  loc: DeepLearningHLS/layer4_hls.c:25
ifBlock:175  %Layer3_Weights_CPU_h_29 = getelementptr [1250 x i16]* %Layer3_Weights_CPU_hls, i32 0, i32 %sum5_2_4_cast

ST_11: Layer3_Weights_CPU_h_30 (211)  [2/2] 2.71ns  loc: DeepLearningHLS/layer4_hls.c:25
ifBlock:176  %Layer3_Weights_CPU_h_30 = load i16* %Layer3_Weights_CPU_h_29, align 2

ST_11: sum_2_4 (213)  [1/1] 1.84ns
ifBlock:178  %sum_2_4 = add i11 %phi_mul, 14

ST_11: sum_2_4_cast (214)  [1/1] 0.00ns
ifBlock:179  %sum_2_4_cast = zext i11 %sum_2_4 to i32

ST_11: Layer3_Neurons_CPU_h_28 (215)  [1/1] 0.00ns  loc: DeepLearningHLS/layer4_hls.c:25
ifBlock:180  %Layer3_Neurons_CPU_h_28 = getelementptr [1250 x i16]* %Layer3_Neurons_CPU_hls, i32 0, i32 %sum_2_4_cast

ST_11: Layer3_Neurons_CPU_h_29 (216)  [2/2] 2.71ns  loc: DeepLearningHLS/layer4_hls.c:25
ifBlock:181  %Layer3_Neurons_CPU_h_29 = load i16* %Layer3_Neurons_CPU_h_28, align 2

ST_11: tmp10 (345)  [1/1] 1.96ns  loc: DeepLearningHLS/layer4_hls.c:25
ifBlock:310  %tmp10 = add i16 %tmp_121_1_2, %tmp_121_1_3


 <State 12>: 6.92ns
ST_12: tmp_115_2_2_cast (188)  [1/1] 0.00ns  loc: DeepLearningHLS/layer4_hls.c:25
ifBlock:153  %tmp_115_2_2_cast = zext i16 %Layer3_Weights_CPU_h_26 to i24

ST_12: tmp_118_2_2_cast (193)  [1/1] 0.00ns  loc: DeepLearningHLS/layer4_hls.c:25
ifBlock:158  %tmp_118_2_2_cast = zext i16 %Layer3_Neurons_CPU_h_25 to i24

ST_12: tmp_119_2_2 (194)  [1/1] 6.38ns  loc: DeepLearningHLS/layer4_hls.c:25
ifBlock:159  %tmp_119_2_2 = mul i24 %tmp_118_2_2_cast, %tmp_115_2_2_cast

ST_12: tmp_121_2_2 (195)  [1/1] 0.00ns  loc: DeepLearningHLS/layer4_hls.c:25
ifBlock:160  %tmp_121_2_2 = call i16 @_ssdm_op_PartSelect.i16.i24.i32.i32(i24 %tmp_119_2_2, i32 8, i32 23)

ST_12: Layer3_Weights_CPU_h_28 (199)  [1/2] 2.71ns  loc: DeepLearningHLS/layer4_hls.c:25
ifBlock:164  %Layer3_Weights_CPU_h_28 = load i16* %Layer3_Weights_CPU_h_27, align 2

ST_12: Layer3_Neurons_CPU_h_27 (204)  [1/2] 2.71ns  loc: DeepLearningHLS/layer4_hls.c:25
ifBlock:169  %Layer3_Neurons_CPU_h_27 = load i16* %Layer3_Neurons_CPU_h_26, align 2

ST_12: Layer3_Weights_CPU_h_30 (211)  [1/2] 2.71ns  loc: DeepLearningHLS/layer4_hls.c:25
ifBlock:176  %Layer3_Weights_CPU_h_30 = load i16* %Layer3_Weights_CPU_h_29, align 2

ST_12: Layer3_Neurons_CPU_h_29 (216)  [1/2] 2.71ns  loc: DeepLearningHLS/layer4_hls.c:25
ifBlock:181  %Layer3_Neurons_CPU_h_29 = load i16* %Layer3_Neurons_CPU_h_28, align 2

ST_12: sum5_3 (220)  [1/1] 1.84ns
ifBlock:185  %sum5_3 = add i12 %sum5, 15

ST_12: sum5_3_cast (221)  [1/1] 0.00ns
ifBlock:186  %sum5_3_cast = sext i12 %sum5_3 to i32

ST_12: Layer3_Weights_CPU_h_31 (222)  [1/1] 0.00ns  loc: DeepLearningHLS/layer4_hls.c:25
ifBlock:187  %Layer3_Weights_CPU_h_31 = getelementptr [1250 x i16]* %Layer3_Weights_CPU_hls, i32 0, i32 %sum5_3_cast

ST_12: Layer3_Weights_CPU_h_32 (223)  [2/2] 2.71ns  loc: DeepLearningHLS/layer4_hls.c:25
ifBlock:188  %Layer3_Weights_CPU_h_32 = load i16* %Layer3_Weights_CPU_h_31, align 2

ST_12: sum_3 (225)  [1/1] 1.84ns
ifBlock:190  %sum_3 = add i11 %phi_mul, 15

ST_12: sum_3_cast (226)  [1/1] 0.00ns
ifBlock:191  %sum_3_cast = zext i11 %sum_3 to i32

ST_12: Layer3_Neurons_CPU_h_30 (227)  [1/1] 0.00ns  loc: DeepLearningHLS/layer4_hls.c:25
ifBlock:192  %Layer3_Neurons_CPU_h_30 = getelementptr [1250 x i16]* %Layer3_Neurons_CPU_hls, i32 0, i32 %sum_3_cast

ST_12: Layer3_Neurons_CPU_h_31 (228)  [2/2] 2.71ns  loc: DeepLearningHLS/layer4_hls.c:25
ifBlock:193  %Layer3_Neurons_CPU_h_31 = load i16* %Layer3_Neurons_CPU_h_30, align 2

ST_12: sum5_3_1 (232)  [1/1] 1.84ns
ifBlock:197  %sum5_3_1 = add i12 %sum5, 16

ST_12: sum5_3_1_cast (233)  [1/1] 0.00ns
ifBlock:198  %sum5_3_1_cast = sext i12 %sum5_3_1 to i32

ST_12: Layer3_Weights_CPU_h_33 (234)  [1/1] 0.00ns  loc: DeepLearningHLS/layer4_hls.c:25
ifBlock:199  %Layer3_Weights_CPU_h_33 = getelementptr [1250 x i16]* %Layer3_Weights_CPU_hls, i32 0, i32 %sum5_3_1_cast

ST_12: Layer3_Weights_CPU_h_34 (235)  [2/2] 2.71ns  loc: DeepLearningHLS/layer4_hls.c:25
ifBlock:200  %Layer3_Weights_CPU_h_34 = load i16* %Layer3_Weights_CPU_h_33, align 2

ST_12: sum_3_1 (237)  [1/1] 1.84ns
ifBlock:202  %sum_3_1 = add i11 %phi_mul, 16

ST_12: sum_3_1_cast (238)  [1/1] 0.00ns
ifBlock:203  %sum_3_1_cast = zext i11 %sum_3_1 to i32

ST_12: Layer3_Neurons_CPU_h_32 (239)  [1/1] 0.00ns  loc: DeepLearningHLS/layer4_hls.c:25
ifBlock:204  %Layer3_Neurons_CPU_h_32 = getelementptr [1250 x i16]* %Layer3_Neurons_CPU_hls, i32 0, i32 %sum_3_1_cast

ST_12: Layer3_Neurons_CPU_h_33 (240)  [2/2] 2.71ns  loc: DeepLearningHLS/layer4_hls.c:25
ifBlock:205  %Layer3_Neurons_CPU_h_33 = load i16* %Layer3_Neurons_CPU_h_32, align 2

ST_12: tmp3 (344)  [1/1] 1.73ns  loc: DeepLearningHLS/layer4_hls.c:25
ifBlock:309  %tmp3 = add i16 %tmp6, %tmp4

ST_12: tmp9 (346)  [1/1] 1.73ns  loc: DeepLearningHLS/layer4_hls.c:25
ifBlock:311  %tmp9 = add i16 %tmp10, %tmp_121_1_1

ST_12: tmp12 (347)  [1/1] 1.73ns  loc: DeepLearningHLS/layer4_hls.c:25
ifBlock:312  %tmp12 = add i16 %tmp_121_2, %tmp_121_2_1

ST_12: tmp11 (348)  [1/1] 1.73ns  loc: DeepLearningHLS/layer4_hls.c:25
ifBlock:313  %tmp11 = add i16 %tmp12, %tmp_121_1_4

ST_12: tmp8 (349)  [1/1] 1.73ns  loc: DeepLearningHLS/layer4_hls.c:25
ifBlock:314  %tmp8 = add i16 %tmp11, %tmp9

ST_12: tmp2 (350)  [1/1] 1.73ns  loc: DeepLearningHLS/layer4_hls.c:25
ifBlock:315  %tmp2 = add i16 %tmp8, %tmp3


 <State 13>: 6.38ns
ST_13: tmp_115_2_3_cast (200)  [1/1] 0.00ns  loc: DeepLearningHLS/layer4_hls.c:25
ifBlock:165  %tmp_115_2_3_cast = zext i16 %Layer3_Weights_CPU_h_28 to i24

ST_13: tmp_118_2_3_cast (205)  [1/1] 0.00ns  loc: DeepLearningHLS/layer4_hls.c:25
ifBlock:170  %tmp_118_2_3_cast = zext i16 %Layer3_Neurons_CPU_h_27 to i24

ST_13: tmp_119_2_3 (206)  [1/1] 6.38ns  loc: DeepLearningHLS/layer4_hls.c:25
ifBlock:171  %tmp_119_2_3 = mul i24 %tmp_118_2_3_cast, %tmp_115_2_3_cast

ST_13: tmp_121_2_3 (207)  [1/1] 0.00ns  loc: DeepLearningHLS/layer4_hls.c:25
ifBlock:172  %tmp_121_2_3 = call i16 @_ssdm_op_PartSelect.i16.i24.i32.i32(i24 %tmp_119_2_3, i32 8, i32 23)

ST_13: tmp_115_2_4_cast (212)  [1/1] 0.00ns  loc: DeepLearningHLS/layer4_hls.c:25
ifBlock:177  %tmp_115_2_4_cast = zext i16 %Layer3_Weights_CPU_h_30 to i24

ST_13: tmp_118_2_4_cast (217)  [1/1] 0.00ns  loc: DeepLearningHLS/layer4_hls.c:25
ifBlock:182  %tmp_118_2_4_cast = zext i16 %Layer3_Neurons_CPU_h_29 to i24

ST_13: tmp_119_2_4 (218)  [1/1] 6.38ns  loc: DeepLearningHLS/layer4_hls.c:25
ifBlock:183  %tmp_119_2_4 = mul i24 %tmp_118_2_4_cast, %tmp_115_2_4_cast

ST_13: tmp_121_2_4 (219)  [1/1] 0.00ns  loc: DeepLearningHLS/layer4_hls.c:25
ifBlock:184  %tmp_121_2_4 = call i16 @_ssdm_op_PartSelect.i16.i24.i32.i32(i24 %tmp_119_2_4, i32 8, i32 23)

ST_13: Layer3_Weights_CPU_h_32 (223)  [1/2] 2.71ns  loc: DeepLearningHLS/layer4_hls.c:25
ifBlock:188  %Layer3_Weights_CPU_h_32 = load i16* %Layer3_Weights_CPU_h_31, align 2

ST_13: Layer3_Neurons_CPU_h_31 (228)  [1/2] 2.71ns  loc: DeepLearningHLS/layer4_hls.c:25
ifBlock:193  %Layer3_Neurons_CPU_h_31 = load i16* %Layer3_Neurons_CPU_h_30, align 2

ST_13: Layer3_Weights_CPU_h_34 (235)  [1/2] 2.71ns  loc: DeepLearningHLS/layer4_hls.c:25
ifBlock:200  %Layer3_Weights_CPU_h_34 = load i16* %Layer3_Weights_CPU_h_33, align 2

ST_13: Layer3_Neurons_CPU_h_33 (240)  [1/2] 2.71ns  loc: DeepLearningHLS/layer4_hls.c:25
ifBlock:205  %Layer3_Neurons_CPU_h_33 = load i16* %Layer3_Neurons_CPU_h_32, align 2

ST_13: sum5_3_2 (244)  [1/1] 1.84ns
ifBlock:209  %sum5_3_2 = add i12 %sum5, 17

ST_13: sum5_3_2_cast (245)  [1/1] 0.00ns
ifBlock:210  %sum5_3_2_cast = sext i12 %sum5_3_2 to i32

ST_13: Layer3_Weights_CPU_h_35 (246)  [1/1] 0.00ns  loc: DeepLearningHLS/layer4_hls.c:25
ifBlock:211  %Layer3_Weights_CPU_h_35 = getelementptr [1250 x i16]* %Layer3_Weights_CPU_hls, i32 0, i32 %sum5_3_2_cast

ST_13: Layer3_Weights_CPU_h_36 (247)  [2/2] 2.71ns  loc: DeepLearningHLS/layer4_hls.c:25
ifBlock:212  %Layer3_Weights_CPU_h_36 = load i16* %Layer3_Weights_CPU_h_35, align 2

ST_13: sum_3_2 (249)  [1/1] 1.84ns
ifBlock:214  %sum_3_2 = add i11 %phi_mul, 17

ST_13: sum_3_2_cast (250)  [1/1] 0.00ns
ifBlock:215  %sum_3_2_cast = zext i11 %sum_3_2 to i32

ST_13: Layer3_Neurons_CPU_h_34 (251)  [1/1] 0.00ns  loc: DeepLearningHLS/layer4_hls.c:25
ifBlock:216  %Layer3_Neurons_CPU_h_34 = getelementptr [1250 x i16]* %Layer3_Neurons_CPU_hls, i32 0, i32 %sum_3_2_cast

ST_13: Layer3_Neurons_CPU_h_35 (252)  [2/2] 2.71ns  loc: DeepLearningHLS/layer4_hls.c:25
ifBlock:217  %Layer3_Neurons_CPU_h_35 = load i16* %Layer3_Neurons_CPU_h_34, align 2

ST_13: sum5_3_3 (256)  [1/1] 1.84ns
ifBlock:221  %sum5_3_3 = add i12 %sum5, 18

ST_13: sum5_3_3_cast (257)  [1/1] 0.00ns
ifBlock:222  %sum5_3_3_cast = sext i12 %sum5_3_3 to i32

ST_13: Layer3_Weights_CPU_h_37 (258)  [1/1] 0.00ns  loc: DeepLearningHLS/layer4_hls.c:25
ifBlock:223  %Layer3_Weights_CPU_h_37 = getelementptr [1250 x i16]* %Layer3_Weights_CPU_hls, i32 0, i32 %sum5_3_3_cast

ST_13: Layer3_Weights_CPU_h_38 (259)  [2/2] 2.71ns  loc: DeepLearningHLS/layer4_hls.c:25
ifBlock:224  %Layer3_Weights_CPU_h_38 = load i16* %Layer3_Weights_CPU_h_37, align 2

ST_13: sum_3_3 (261)  [1/1] 1.84ns
ifBlock:226  %sum_3_3 = add i11 %phi_mul, 18

ST_13: sum_3_3_cast (262)  [1/1] 0.00ns
ifBlock:227  %sum_3_3_cast = zext i11 %sum_3_3 to i32

ST_13: Layer3_Neurons_CPU_h_36 (263)  [1/1] 0.00ns  loc: DeepLearningHLS/layer4_hls.c:25
ifBlock:228  %Layer3_Neurons_CPU_h_36 = getelementptr [1250 x i16]* %Layer3_Neurons_CPU_hls, i32 0, i32 %sum_3_3_cast

ST_13: Layer3_Neurons_CPU_h_37 (264)  [2/2] 2.71ns  loc: DeepLearningHLS/layer4_hls.c:25
ifBlock:229  %Layer3_Neurons_CPU_h_37 = load i16* %Layer3_Neurons_CPU_h_36, align 2


 <State 14>: 6.38ns
ST_14: tmp_115_3_cast (224)  [1/1] 0.00ns  loc: DeepLearningHLS/layer4_hls.c:25
ifBlock:189  %tmp_115_3_cast = zext i16 %Layer3_Weights_CPU_h_32 to i24

ST_14: tmp_118_3_cast (229)  [1/1] 0.00ns  loc: DeepLearningHLS/layer4_hls.c:25
ifBlock:194  %tmp_118_3_cast = zext i16 %Layer3_Neurons_CPU_h_31 to i24

ST_14: tmp_119_3 (230)  [1/1] 6.38ns  loc: DeepLearningHLS/layer4_hls.c:25
ifBlock:195  %tmp_119_3 = mul i24 %tmp_118_3_cast, %tmp_115_3_cast

ST_14: tmp_121_3 (231)  [1/1] 0.00ns  loc: DeepLearningHLS/layer4_hls.c:25
ifBlock:196  %tmp_121_3 = call i16 @_ssdm_op_PartSelect.i16.i24.i32.i32(i24 %tmp_119_3, i32 8, i32 23)

ST_14: tmp_115_3_1_cast (236)  [1/1] 0.00ns  loc: DeepLearningHLS/layer4_hls.c:25
ifBlock:201  %tmp_115_3_1_cast = zext i16 %Layer3_Weights_CPU_h_34 to i24

ST_14: tmp_118_3_1_cast (241)  [1/1] 0.00ns  loc: DeepLearningHLS/layer4_hls.c:25
ifBlock:206  %tmp_118_3_1_cast = zext i16 %Layer3_Neurons_CPU_h_33 to i24

ST_14: tmp_119_3_1 (242)  [1/1] 6.38ns  loc: DeepLearningHLS/layer4_hls.c:25
ifBlock:207  %tmp_119_3_1 = mul i24 %tmp_118_3_1_cast, %tmp_115_3_1_cast

ST_14: tmp_121_3_1 (243)  [1/1] 0.00ns  loc: DeepLearningHLS/layer4_hls.c:25
ifBlock:208  %tmp_121_3_1 = call i16 @_ssdm_op_PartSelect.i16.i24.i32.i32(i24 %tmp_119_3_1, i32 8, i32 23)

ST_14: Layer3_Weights_CPU_h_36 (247)  [1/2] 2.71ns  loc: DeepLearningHLS/layer4_hls.c:25
ifBlock:212  %Layer3_Weights_CPU_h_36 = load i16* %Layer3_Weights_CPU_h_35, align 2

ST_14: Layer3_Neurons_CPU_h_35 (252)  [1/2] 2.71ns  loc: DeepLearningHLS/layer4_hls.c:25
ifBlock:217  %Layer3_Neurons_CPU_h_35 = load i16* %Layer3_Neurons_CPU_h_34, align 2

ST_14: Layer3_Weights_CPU_h_38 (259)  [1/2] 2.71ns  loc: DeepLearningHLS/layer4_hls.c:25
ifBlock:224  %Layer3_Weights_CPU_h_38 = load i16* %Layer3_Weights_CPU_h_37, align 2

ST_14: Layer3_Neurons_CPU_h_37 (264)  [1/2] 2.71ns  loc: DeepLearningHLS/layer4_hls.c:25
ifBlock:229  %Layer3_Neurons_CPU_h_37 = load i16* %Layer3_Neurons_CPU_h_36, align 2

ST_14: sum5_3_4 (268)  [1/1] 1.84ns
ifBlock:233  %sum5_3_4 = add i12 %sum5, 19

ST_14: sum5_3_4_cast (269)  [1/1] 0.00ns
ifBlock:234  %sum5_3_4_cast = sext i12 %sum5_3_4 to i32

ST_14: Layer3_Weights_CPU_h_39 (270)  [1/1] 0.00ns  loc: DeepLearningHLS/layer4_hls.c:25
ifBlock:235  %Layer3_Weights_CPU_h_39 = getelementptr [1250 x i16]* %Layer3_Weights_CPU_hls, i32 0, i32 %sum5_3_4_cast

ST_14: Layer3_Weights_CPU_h_40 (271)  [2/2] 2.71ns  loc: DeepLearningHLS/layer4_hls.c:25
ifBlock:236  %Layer3_Weights_CPU_h_40 = load i16* %Layer3_Weights_CPU_h_39, align 2

ST_14: sum_3_4 (273)  [1/1] 1.84ns
ifBlock:238  %sum_3_4 = add i11 %phi_mul, 19

ST_14: sum_3_4_cast (274)  [1/1] 0.00ns
ifBlock:239  %sum_3_4_cast = zext i11 %sum_3_4 to i32

ST_14: Layer3_Neurons_CPU_h_38 (275)  [1/1] 0.00ns  loc: DeepLearningHLS/layer4_hls.c:25
ifBlock:240  %Layer3_Neurons_CPU_h_38 = getelementptr [1250 x i16]* %Layer3_Neurons_CPU_hls, i32 0, i32 %sum_3_4_cast

ST_14: Layer3_Neurons_CPU_h_39 (276)  [2/2] 2.71ns  loc: DeepLearningHLS/layer4_hls.c:25
ifBlock:241  %Layer3_Neurons_CPU_h_39 = load i16* %Layer3_Neurons_CPU_h_38, align 2

ST_14: sum5_4 (280)  [1/1] 1.84ns
ifBlock:245  %sum5_4 = add i12 %sum5, 20

ST_14: sum5_4_cast (281)  [1/1] 0.00ns
ifBlock:246  %sum5_4_cast = sext i12 %sum5_4 to i32

ST_14: Layer3_Weights_CPU_h_41 (282)  [1/1] 0.00ns  loc: DeepLearningHLS/layer4_hls.c:25
ifBlock:247  %Layer3_Weights_CPU_h_41 = getelementptr [1250 x i16]* %Layer3_Weights_CPU_hls, i32 0, i32 %sum5_4_cast

ST_14: Layer3_Weights_CPU_h_42 (283)  [2/2] 2.71ns  loc: DeepLearningHLS/layer4_hls.c:25
ifBlock:248  %Layer3_Weights_CPU_h_42 = load i16* %Layer3_Weights_CPU_h_41, align 2

ST_14: sum_4 (285)  [1/1] 1.84ns
ifBlock:250  %sum_4 = add i11 %phi_mul, 20

ST_14: sum_4_cast (286)  [1/1] 0.00ns
ifBlock:251  %sum_4_cast = zext i11 %sum_4 to i32

ST_14: Layer3_Neurons_CPU_h_40 (287)  [1/1] 0.00ns  loc: DeepLearningHLS/layer4_hls.c:25
ifBlock:252  %Layer3_Neurons_CPU_h_40 = getelementptr [1250 x i16]* %Layer3_Neurons_CPU_hls, i32 0, i32 %sum_4_cast

ST_14: Layer3_Neurons_CPU_h_41 (288)  [2/2] 2.71ns  loc: DeepLearningHLS/layer4_hls.c:25
ifBlock:253  %Layer3_Neurons_CPU_h_41 = load i16* %Layer3_Neurons_CPU_h_40, align 2

ST_14: tmp16 (351)  [1/1] 1.73ns  loc: DeepLearningHLS/layer4_hls.c:25
ifBlock:316  %tmp16 = add i16 %tmp_121_2_3, %tmp_121_2_4

ST_14: tmp15 (352)  [1/1] 1.73ns  loc: DeepLearningHLS/layer4_hls.c:25
ifBlock:317  %tmp15 = add i16 %tmp16, %tmp_121_2_2


 <State 15>: 6.38ns
ST_15: tmp_115_3_2_cast (248)  [1/1] 0.00ns  loc: DeepLearningHLS/layer4_hls.c:25
ifBlock:213  %tmp_115_3_2_cast = zext i16 %Layer3_Weights_CPU_h_36 to i24

ST_15: tmp_118_3_2_cast (253)  [1/1] 0.00ns  loc: DeepLearningHLS/layer4_hls.c:25
ifBlock:218  %tmp_118_3_2_cast = zext i16 %Layer3_Neurons_CPU_h_35 to i24

ST_15: tmp_119_3_2 (254)  [1/1] 6.38ns  loc: DeepLearningHLS/layer4_hls.c:25
ifBlock:219  %tmp_119_3_2 = mul i24 %tmp_118_3_2_cast, %tmp_115_3_2_cast

ST_15: tmp_121_3_2 (255)  [1/1] 0.00ns  loc: DeepLearningHLS/layer4_hls.c:25
ifBlock:220  %tmp_121_3_2 = call i16 @_ssdm_op_PartSelect.i16.i24.i32.i32(i24 %tmp_119_3_2, i32 8, i32 23)

ST_15: tmp_115_3_3_cast (260)  [1/1] 0.00ns  loc: DeepLearningHLS/layer4_hls.c:25
ifBlock:225  %tmp_115_3_3_cast = zext i16 %Layer3_Weights_CPU_h_38 to i24

ST_15: tmp_118_3_3_cast (265)  [1/1] 0.00ns  loc: DeepLearningHLS/layer4_hls.c:25
ifBlock:230  %tmp_118_3_3_cast = zext i16 %Layer3_Neurons_CPU_h_37 to i24

ST_15: tmp_119_3_3 (266)  [1/1] 6.38ns  loc: DeepLearningHLS/layer4_hls.c:25
ifBlock:231  %tmp_119_3_3 = mul i24 %tmp_118_3_3_cast, %tmp_115_3_3_cast

ST_15: tmp_121_3_3 (267)  [1/1] 0.00ns  loc: DeepLearningHLS/layer4_hls.c:25
ifBlock:232  %tmp_121_3_3 = call i16 @_ssdm_op_PartSelect.i16.i24.i32.i32(i24 %tmp_119_3_3, i32 8, i32 23)

ST_15: Layer3_Weights_CPU_h_40 (271)  [1/2] 2.71ns  loc: DeepLearningHLS/layer4_hls.c:25
ifBlock:236  %Layer3_Weights_CPU_h_40 = load i16* %Layer3_Weights_CPU_h_39, align 2

ST_15: Layer3_Neurons_CPU_h_39 (276)  [1/2] 2.71ns  loc: DeepLearningHLS/layer4_hls.c:25
ifBlock:241  %Layer3_Neurons_CPU_h_39 = load i16* %Layer3_Neurons_CPU_h_38, align 2

ST_15: Layer3_Weights_CPU_h_42 (283)  [1/2] 2.71ns  loc: DeepLearningHLS/layer4_hls.c:25
ifBlock:248  %Layer3_Weights_CPU_h_42 = load i16* %Layer3_Weights_CPU_h_41, align 2

ST_15: Layer3_Neurons_CPU_h_41 (288)  [1/2] 2.71ns  loc: DeepLearningHLS/layer4_hls.c:25
ifBlock:253  %Layer3_Neurons_CPU_h_41 = load i16* %Layer3_Neurons_CPU_h_40, align 2

ST_15: sum5_4_1 (292)  [1/1] 1.84ns
ifBlock:257  %sum5_4_1 = add i12 %sum5, 21

ST_15: sum5_4_1_cast (293)  [1/1] 0.00ns
ifBlock:258  %sum5_4_1_cast = sext i12 %sum5_4_1 to i32

ST_15: Layer3_Weights_CPU_h_43 (294)  [1/1] 0.00ns  loc: DeepLearningHLS/layer4_hls.c:25
ifBlock:259  %Layer3_Weights_CPU_h_43 = getelementptr [1250 x i16]* %Layer3_Weights_CPU_hls, i32 0, i32 %sum5_4_1_cast

ST_15: Layer3_Weights_CPU_h_44 (295)  [2/2] 2.71ns  loc: DeepLearningHLS/layer4_hls.c:25
ifBlock:260  %Layer3_Weights_CPU_h_44 = load i16* %Layer3_Weights_CPU_h_43, align 2

ST_15: sum_4_1 (297)  [1/1] 1.84ns
ifBlock:262  %sum_4_1 = add i11 %phi_mul, 21

ST_15: sum_4_1_cast (298)  [1/1] 0.00ns
ifBlock:263  %sum_4_1_cast = zext i11 %sum_4_1 to i32

ST_15: Layer3_Neurons_CPU_h_42 (299)  [1/1] 0.00ns  loc: DeepLearningHLS/layer4_hls.c:25
ifBlock:264  %Layer3_Neurons_CPU_h_42 = getelementptr [1250 x i16]* %Layer3_Neurons_CPU_hls, i32 0, i32 %sum_4_1_cast

ST_15: Layer3_Neurons_CPU_h_43 (300)  [2/2] 2.71ns  loc: DeepLearningHLS/layer4_hls.c:25
ifBlock:265  %Layer3_Neurons_CPU_h_43 = load i16* %Layer3_Neurons_CPU_h_42, align 2

ST_15: sum5_4_2 (304)  [1/1] 1.84ns
ifBlock:269  %sum5_4_2 = add i12 %sum5, 22

ST_15: sum5_4_2_cast (305)  [1/1] 0.00ns
ifBlock:270  %sum5_4_2_cast = sext i12 %sum5_4_2 to i32

ST_15: Layer3_Weights_CPU_h_45 (306)  [1/1] 0.00ns  loc: DeepLearningHLS/layer4_hls.c:25
ifBlock:271  %Layer3_Weights_CPU_h_45 = getelementptr [1250 x i16]* %Layer3_Weights_CPU_hls, i32 0, i32 %sum5_4_2_cast

ST_15: Layer3_Weights_CPU_h_46 (307)  [2/2] 2.71ns  loc: DeepLearningHLS/layer4_hls.c:25
ifBlock:272  %Layer3_Weights_CPU_h_46 = load i16* %Layer3_Weights_CPU_h_45, align 2

ST_15: sum_4_2 (309)  [1/1] 1.84ns
ifBlock:274  %sum_4_2 = add i11 %phi_mul, 22

ST_15: sum_4_2_cast (310)  [1/1] 0.00ns
ifBlock:275  %sum_4_2_cast = zext i11 %sum_4_2 to i32

ST_15: Layer3_Neurons_CPU_h_44 (311)  [1/1] 0.00ns  loc: DeepLearningHLS/layer4_hls.c:25
ifBlock:276  %Layer3_Neurons_CPU_h_44 = getelementptr [1250 x i16]* %Layer3_Neurons_CPU_hls, i32 0, i32 %sum_4_2_cast

ST_15: Layer3_Neurons_CPU_h_45 (312)  [2/2] 2.71ns  loc: DeepLearningHLS/layer4_hls.c:25
ifBlock:277  %Layer3_Neurons_CPU_h_45 = load i16* %Layer3_Neurons_CPU_h_44, align 2


 <State 16>: 6.38ns
ST_16: next_mul (39)  [1/1] 1.84ns
ifBlock:4  %next_mul = add i11 %phi_mul, 25

ST_16: tmp_115_3_4_cast (272)  [1/1] 0.00ns  loc: DeepLearningHLS/layer4_hls.c:25
ifBlock:237  %tmp_115_3_4_cast = zext i16 %Layer3_Weights_CPU_h_40 to i24

ST_16: tmp_118_3_4_cast (277)  [1/1] 0.00ns  loc: DeepLearningHLS/layer4_hls.c:25
ifBlock:242  %tmp_118_3_4_cast = zext i16 %Layer3_Neurons_CPU_h_39 to i24

ST_16: tmp_119_3_4 (278)  [1/1] 6.38ns  loc: DeepLearningHLS/layer4_hls.c:25
ifBlock:243  %tmp_119_3_4 = mul i24 %tmp_118_3_4_cast, %tmp_115_3_4_cast

ST_16: tmp_121_3_4 (279)  [1/1] 0.00ns  loc: DeepLearningHLS/layer4_hls.c:25
ifBlock:244  %tmp_121_3_4 = call i16 @_ssdm_op_PartSelect.i16.i24.i32.i32(i24 %tmp_119_3_4, i32 8, i32 23)

ST_16: tmp_115_4_cast (284)  [1/1] 0.00ns  loc: DeepLearningHLS/layer4_hls.c:25
ifBlock:249  %tmp_115_4_cast = zext i16 %Layer3_Weights_CPU_h_42 to i24

ST_16: tmp_118_4_cast (289)  [1/1] 0.00ns  loc: DeepLearningHLS/layer4_hls.c:25
ifBlock:254  %tmp_118_4_cast = zext i16 %Layer3_Neurons_CPU_h_41 to i24

ST_16: tmp_119_4 (290)  [1/1] 6.38ns  loc: DeepLearningHLS/layer4_hls.c:25
ifBlock:255  %tmp_119_4 = mul i24 %tmp_118_4_cast, %tmp_115_4_cast

ST_16: tmp_121_4 (291)  [1/1] 0.00ns  loc: DeepLearningHLS/layer4_hls.c:25
ifBlock:256  %tmp_121_4 = call i16 @_ssdm_op_PartSelect.i16.i24.i32.i32(i24 %tmp_119_4, i32 8, i32 23)

ST_16: Layer3_Weights_CPU_h_44 (295)  [1/2] 2.71ns  loc: DeepLearningHLS/layer4_hls.c:25
ifBlock:260  %Layer3_Weights_CPU_h_44 = load i16* %Layer3_Weights_CPU_h_43, align 2

ST_16: Layer3_Neurons_CPU_h_43 (300)  [1/2] 2.71ns  loc: DeepLearningHLS/layer4_hls.c:25
ifBlock:265  %Layer3_Neurons_CPU_h_43 = load i16* %Layer3_Neurons_CPU_h_42, align 2

ST_16: Layer3_Weights_CPU_h_46 (307)  [1/2] 2.71ns  loc: DeepLearningHLS/layer4_hls.c:25
ifBlock:272  %Layer3_Weights_CPU_h_46 = load i16* %Layer3_Weights_CPU_h_45, align 2

ST_16: Layer3_Neurons_CPU_h_45 (312)  [1/2] 2.71ns  loc: DeepLearningHLS/layer4_hls.c:25
ifBlock:277  %Layer3_Neurons_CPU_h_45 = load i16* %Layer3_Neurons_CPU_h_44, align 2

ST_16: sum5_4_3 (316)  [1/1] 1.84ns
ifBlock:281  %sum5_4_3 = add i12 %sum5, 23

ST_16: sum5_4_3_cast (317)  [1/1] 0.00ns
ifBlock:282  %sum5_4_3_cast = sext i12 %sum5_4_3 to i32

ST_16: Layer3_Weights_CPU_h_47 (318)  [1/1] 0.00ns  loc: DeepLearningHLS/layer4_hls.c:25
ifBlock:283  %Layer3_Weights_CPU_h_47 = getelementptr [1250 x i16]* %Layer3_Weights_CPU_hls, i32 0, i32 %sum5_4_3_cast

ST_16: Layer3_Weights_CPU_h_48 (319)  [2/2] 2.71ns  loc: DeepLearningHLS/layer4_hls.c:25
ifBlock:284  %Layer3_Weights_CPU_h_48 = load i16* %Layer3_Weights_CPU_h_47, align 2

ST_16: sum_4_3 (321)  [1/1] 1.84ns
ifBlock:286  %sum_4_3 = add i11 %phi_mul, 23

ST_16: sum_4_3_cast (322)  [1/1] 0.00ns
ifBlock:287  %sum_4_3_cast = zext i11 %sum_4_3 to i32

ST_16: Layer3_Neurons_CPU_h_46 (323)  [1/1] 0.00ns  loc: DeepLearningHLS/layer4_hls.c:25
ifBlock:288  %Layer3_Neurons_CPU_h_46 = getelementptr [1250 x i16]* %Layer3_Neurons_CPU_hls, i32 0, i32 %sum_4_3_cast

ST_16: Layer3_Neurons_CPU_h_47 (324)  [2/2] 2.71ns  loc: DeepLearningHLS/layer4_hls.c:25
ifBlock:289  %Layer3_Neurons_CPU_h_47 = load i16* %Layer3_Neurons_CPU_h_46, align 2

ST_16: sum5_4_4 (328)  [1/1] 1.84ns
ifBlock:293  %sum5_4_4 = add i12 %sum5, 24

ST_16: sum5_4_4_cast (329)  [1/1] 0.00ns
ifBlock:294  %sum5_4_4_cast = sext i12 %sum5_4_4 to i32

ST_16: Layer3_Weights_CPU_h_49 (330)  [1/1] 0.00ns  loc: DeepLearningHLS/layer4_hls.c:25
ifBlock:295  %Layer3_Weights_CPU_h_49 = getelementptr [1250 x i16]* %Layer3_Weights_CPU_hls, i32 0, i32 %sum5_4_4_cast

ST_16: Layer3_Weights_CPU_h_50 (331)  [2/2] 2.71ns  loc: DeepLearningHLS/layer4_hls.c:25
ifBlock:296  %Layer3_Weights_CPU_h_50 = load i16* %Layer3_Weights_CPU_h_49, align 2

ST_16: sum_4_4 (333)  [1/1] 1.84ns
ifBlock:298  %sum_4_4 = add i11 %phi_mul, 24

ST_16: sum_4_4_cast (334)  [1/1] 0.00ns
ifBlock:299  %sum_4_4_cast = zext i11 %sum_4_4 to i32

ST_16: Layer3_Neurons_CPU_h_48 (335)  [1/1] 0.00ns  loc: DeepLearningHLS/layer4_hls.c:25
ifBlock:300  %Layer3_Neurons_CPU_h_48 = getelementptr [1250 x i16]* %Layer3_Neurons_CPU_hls, i32 0, i32 %sum_4_4_cast

ST_16: Layer3_Neurons_CPU_h_49 (336)  [2/2] 2.71ns  loc: DeepLearningHLS/layer4_hls.c:25
ifBlock:301  %Layer3_Neurons_CPU_h_49 = load i16* %Layer3_Neurons_CPU_h_48, align 2

ST_16: tmp18 (353)  [1/1] 1.73ns  loc: DeepLearningHLS/layer4_hls.c:25
ifBlock:318  %tmp18 = add i16 %tmp_121_3_1, %tmp_121_3_2

ST_16: tmp17 (354)  [1/1] 1.73ns  loc: DeepLearningHLS/layer4_hls.c:25
ifBlock:319  %tmp17 = add i16 %tmp18, %tmp_121_3


 <State 17>: 6.38ns
ST_17: tmp_115_4_1_cast (296)  [1/1] 0.00ns  loc: DeepLearningHLS/layer4_hls.c:25
ifBlock:261  %tmp_115_4_1_cast = zext i16 %Layer3_Weights_CPU_h_44 to i24

ST_17: tmp_118_4_1_cast (301)  [1/1] 0.00ns  loc: DeepLearningHLS/layer4_hls.c:25
ifBlock:266  %tmp_118_4_1_cast = zext i16 %Layer3_Neurons_CPU_h_43 to i24

ST_17: tmp_119_4_1 (302)  [1/1] 6.38ns  loc: DeepLearningHLS/layer4_hls.c:25
ifBlock:267  %tmp_119_4_1 = mul i24 %tmp_118_4_1_cast, %tmp_115_4_1_cast

ST_17: tmp_121_4_1 (303)  [1/1] 0.00ns  loc: DeepLearningHLS/layer4_hls.c:25
ifBlock:268  %tmp_121_4_1 = call i16 @_ssdm_op_PartSelect.i16.i24.i32.i32(i24 %tmp_119_4_1, i32 8, i32 23)

ST_17: tmp_115_4_2_cast (308)  [1/1] 0.00ns  loc: DeepLearningHLS/layer4_hls.c:25
ifBlock:273  %tmp_115_4_2_cast = zext i16 %Layer3_Weights_CPU_h_46 to i24

ST_17: tmp_118_4_2_cast (313)  [1/1] 0.00ns  loc: DeepLearningHLS/layer4_hls.c:25
ifBlock:278  %tmp_118_4_2_cast = zext i16 %Layer3_Neurons_CPU_h_45 to i24

ST_17: tmp_119_4_2 (314)  [1/1] 6.38ns  loc: DeepLearningHLS/layer4_hls.c:25
ifBlock:279  %tmp_119_4_2 = mul i24 %tmp_118_4_2_cast, %tmp_115_4_2_cast

ST_17: tmp_121_4_2 (315)  [1/1] 0.00ns  loc: DeepLearningHLS/layer4_hls.c:25
ifBlock:280  %tmp_121_4_2 = call i16 @_ssdm_op_PartSelect.i16.i24.i32.i32(i24 %tmp_119_4_2, i32 8, i32 23)

ST_17: Layer3_Weights_CPU_h_48 (319)  [1/2] 2.71ns  loc: DeepLearningHLS/layer4_hls.c:25
ifBlock:284  %Layer3_Weights_CPU_h_48 = load i16* %Layer3_Weights_CPU_h_47, align 2

ST_17: Layer3_Neurons_CPU_h_47 (324)  [1/2] 2.71ns  loc: DeepLearningHLS/layer4_hls.c:25
ifBlock:289  %Layer3_Neurons_CPU_h_47 = load i16* %Layer3_Neurons_CPU_h_46, align 2

ST_17: Layer3_Weights_CPU_h_50 (331)  [1/2] 2.71ns  loc: DeepLearningHLS/layer4_hls.c:25
ifBlock:296  %Layer3_Weights_CPU_h_50 = load i16* %Layer3_Weights_CPU_h_49, align 2

ST_17: Layer3_Neurons_CPU_h_49 (336)  [1/2] 2.71ns  loc: DeepLearningHLS/layer4_hls.c:25
ifBlock:301  %Layer3_Neurons_CPU_h_49 = load i16* %Layer3_Neurons_CPU_h_48, align 2

ST_17: tmp21 (356)  [1/1] 1.96ns  loc: DeepLearningHLS/layer4_hls.c:25
ifBlock:321  %tmp21 = add i16 %tmp_121_3_4, %tmp_121_4


 <State 18>: 6.38ns
ST_18: tmp_115_4_3_cast (320)  [1/1] 0.00ns  loc: DeepLearningHLS/layer4_hls.c:25
ifBlock:285  %tmp_115_4_3_cast = zext i16 %Layer3_Weights_CPU_h_48 to i24

ST_18: tmp_118_4_3_cast (325)  [1/1] 0.00ns  loc: DeepLearningHLS/layer4_hls.c:25
ifBlock:290  %tmp_118_4_3_cast = zext i16 %Layer3_Neurons_CPU_h_47 to i24

ST_18: tmp_119_4_3 (326)  [1/1] 6.38ns  loc: DeepLearningHLS/layer4_hls.c:25
ifBlock:291  %tmp_119_4_3 = mul i24 %tmp_118_4_3_cast, %tmp_115_4_3_cast

ST_18: tmp_121_4_3 (327)  [1/1] 0.00ns  loc: DeepLearningHLS/layer4_hls.c:25
ifBlock:292  %tmp_121_4_3 = call i16 @_ssdm_op_PartSelect.i16.i24.i32.i32(i24 %tmp_119_4_3, i32 8, i32 23)

ST_18: tmp_115_4_4_cast (332)  [1/1] 0.00ns  loc: DeepLearningHLS/layer4_hls.c:25
ifBlock:297  %tmp_115_4_4_cast = zext i16 %Layer3_Weights_CPU_h_50 to i24

ST_18: tmp_118_4_4_cast (337)  [1/1] 0.00ns  loc: DeepLearningHLS/layer4_hls.c:25
ifBlock:302  %tmp_118_4_4_cast = zext i16 %Layer3_Neurons_CPU_h_49 to i24

ST_18: tmp_119_4_4 (338)  [1/1] 6.38ns  loc: DeepLearningHLS/layer4_hls.c:25
ifBlock:303  %tmp_119_4_4 = mul i24 %tmp_118_4_4_cast, %tmp_115_4_4_cast

ST_18: tmp_121_4_4 (339)  [1/1] 0.00ns  loc: DeepLearningHLS/layer4_hls.c:25
ifBlock:304  %tmp_121_4_4 = call i16 @_ssdm_op_PartSelect.i16.i24.i32.i32(i24 %tmp_119_4_4, i32 8, i32 23)


 <State 19>: 7.15ns
ST_19: tmp14 (355)  [1/1] 1.73ns  loc: DeepLearningHLS/layer4_hls.c:25
ifBlock:320  %tmp14 = add i16 %tmp17, %tmp15

ST_19: tmp20 (357)  [1/1] 1.73ns  loc: DeepLearningHLS/layer4_hls.c:25
ifBlock:322  %tmp20 = add i16 %tmp21, %tmp_121_3_3

ST_19: tmp23 (358)  [1/1] 1.73ns  loc: DeepLearningHLS/layer4_hls.c:25
ifBlock:323  %tmp23 = add i16 %tmp_121_4_1, %tmp_121_4_2

ST_19: tmp24 (359)  [1/1] 1.96ns  loc: DeepLearningHLS/layer4_hls.c:25
ifBlock:324  %tmp24 = add i16 %tmp_121_4_3, %tmp_121_4_4

ST_19: tmp22 (360)  [1/1] 1.73ns  loc: DeepLearningHLS/layer4_hls.c:25
ifBlock:325  %tmp22 = add i16 %tmp24, %tmp23

ST_19: tmp19 (361)  [1/1] 1.73ns  loc: DeepLearningHLS/layer4_hls.c:25
ifBlock:326  %tmp19 = add i16 %tmp22, %tmp20

ST_19: tmp13 (362)  [1/1] 1.73ns  loc: DeepLearningHLS/layer4_hls.c:25
ifBlock:327  %tmp13 = add i16 %tmp19, %tmp14


 <State 20>: 3.46ns
ST_20: empty_37 (35)  [1/1] 0.00ns
ifBlock:0  %empty_37 = call i32 (...)* @_ssdm_op_SpecLoopTripCount(i64 50, i64 50, i64 50) nounwind

ST_20: StgValue_458 (36)  [1/1] 0.00ns  loc: DeepLearningHLS/layer4_hls.c:23
ifBlock:1  call void (...)* @_ssdm_op_SpecLoopName([2 x i8]* @p_str2) nounwind

ST_20: tmp_8 (37)  [1/1] 0.00ns  loc: DeepLearningHLS/layer4_hls.c:23
ifBlock:2  %tmp_8 = call i32 (...)* @_ssdm_op_SpecRegionBegin([2 x i8]* @p_str2) nounwind

ST_20: StgValue_460 (38)  [1/1] 0.00ns  loc: DeepLearningHLS/layer4_hls.c:22
ifBlock:3  call void (...)* @_ssdm_op_SpecPipeline(i32 -1, i32 1, i32 1, i32 0, [1 x i8]* @p_str1) nounwind

ST_20: tmp_26 (363)  [1/1] 1.73ns  loc: DeepLearningHLS/layer4_hls.c:25
ifBlock:328  %tmp_26 = add i16 %tmp13, %tmp2

ST_20: somme_3_4_4 (364)  [1/1] 1.73ns  loc: DeepLearningHLS/layer4_hls.c:25
ifBlock:329  %somme_3_4_4 = add i16 %somme1, %tmp_26

ST_20: empty_38 (365)  [1/1] 0.00ns  loc: DeepLearningHLS/layer4_hls.c:25
ifBlock:330  %empty_38 = call i32 (...)* @_ssdm_op_SpecRegionEnd([2 x i8]* @p_str2, i32 %tmp_8) nounwind

ST_20: StgValue_464 (367)  [1/1] 0.00ns  loc: DeepLearningHLS/layer4_hls.c:21
ifBlock:332  br i1 %ifzero, label %ifTrue, label %ifFalse


 <State 21>: 6.28ns
ST_21: tmp_s (369)  [1/1] 0.00ns  loc: DeepLearningHLS/layer4_hls.c:27
ifTrue:0  %tmp_s = zext i16 %somme_3_4_4 to i32

ST_21: tmp_27 (370)  [6/6] 6.28ns  loc: DeepLearningHLS/layer4_hls.c:27
ifTrue:1  %tmp_27 = sitofp i32 %tmp_s to double


 <State 22>: 6.28ns
ST_22: tmp_27 (370)  [5/6] 6.28ns  loc: DeepLearningHLS/layer4_hls.c:27
ifTrue:1  %tmp_27 = sitofp i32 %tmp_s to double


 <State 23>: 6.28ns
ST_23: tmp_27 (370)  [4/6] 6.28ns  loc: DeepLearningHLS/layer4_hls.c:27
ifTrue:1  %tmp_27 = sitofp i32 %tmp_s to double


 <State 24>: 6.28ns
ST_24: tmp_27 (370)  [3/6] 6.28ns  loc: DeepLearningHLS/layer4_hls.c:27
ifTrue:1  %tmp_27 = sitofp i32 %tmp_s to double


 <State 25>: 6.28ns
ST_25: tmp_27 (370)  [2/6] 6.28ns  loc: DeepLearningHLS/layer4_hls.c:27
ifTrue:1  %tmp_27 = sitofp i32 %tmp_s to double


 <State 26>: 6.28ns
ST_26: tmp_27 (370)  [1/6] 6.28ns  loc: DeepLearningHLS/layer4_hls.c:27
ifTrue:1  %tmp_27 = sitofp i32 %tmp_s to double


 <State 27>: 7.79ns
ST_27: tmp_28 (371)  [6/6] 7.79ns  loc: DeepLearningHLS/layer4_hls.c:27
ifTrue:2  %tmp_28 = fmul double %tmp_27, 0x3FE55555571F7693


 <State 28>: 7.79ns
ST_28: tmp_28 (371)  [5/6] 7.79ns  loc: DeepLearningHLS/layer4_hls.c:27
ifTrue:2  %tmp_28 = fmul double %tmp_27, 0x3FE55555571F7693


 <State 29>: 7.79ns
ST_29: tmp_28 (371)  [4/6] 7.79ns  loc: DeepLearningHLS/layer4_hls.c:27
ifTrue:2  %tmp_28 = fmul double %tmp_27, 0x3FE55555571F7693


 <State 30>: 7.79ns
ST_30: tmp_28 (371)  [3/6] 7.79ns  loc: DeepLearningHLS/layer4_hls.c:27
ifTrue:2  %tmp_28 = fmul double %tmp_27, 0x3FE55555571F7693


 <State 31>: 7.79ns
ST_31: tmp_28 (371)  [2/6] 7.79ns  loc: DeepLearningHLS/layer4_hls.c:27
ifTrue:2  %tmp_28 = fmul double %tmp_27, 0x3FE55555571F7693


 <State 32>: 7.79ns
ST_32: tmp_28 (371)  [1/6] 7.79ns  loc: DeepLearningHLS/layer4_hls.c:27
ifTrue:2  %tmp_28 = fmul double %tmp_27, 0x3FE55555571F7693


 <State 33>: 6.50ns
ST_33: x_assign (372)  [1/1] 6.50ns  loc: DeepLearningHLS/layer4_hls.c:27
ifTrue:3  %x_assign = fptrunc double %tmp_28 to float


 <State 34>: 6.54ns
ST_34: call_ret_i_i_i (373)  [2/2] 6.54ns  loc: r:/builds/2016.4/nightly/2017_01_23_1756540/src/products/hls/hls_lib/src/hls/hls_cordic.h:1306->r:/builds/2016.4/nightly/2017_01_23_1756540/src/products/hls/hls_lib/src/hls_math.h:655->r:/builds/2016.4/nightly/2017_01_23_1756540/src/products/hls/hls_lib/src/lib_hlsm.cpp:86->DeepLearningHLS/layer4_hls.c:27
ifTrue:4  %call_ret_i_i_i = call fastcc { float, float } @sinh_cosh_range_redu(float %x_assign) nounwind


 <State 35>: 7.45ns
ST_35: call_ret_i_i_i (373)  [1/2] 1.37ns  loc: r:/builds/2016.4/nightly/2017_01_23_1756540/src/products/hls/hls_lib/src/hls/hls_cordic.h:1306->r:/builds/2016.4/nightly/2017_01_23_1756540/src/products/hls/hls_lib/src/hls_math.h:655->r:/builds/2016.4/nightly/2017_01_23_1756540/src/products/hls/hls_lib/src/lib_hlsm.cpp:86->DeepLearningHLS/layer4_hls.c:27
ifTrue:4  %call_ret_i_i_i = call fastcc { float, float } @sinh_cosh_range_redu(float %x_assign) nounwind

ST_35: s_out (374)  [1/1] 0.00ns  loc: r:/builds/2016.4/nightly/2017_01_23_1756540/src/products/hls/hls_lib/src/hls/hls_cordic.h:1306->r:/builds/2016.4/nightly/2017_01_23_1756540/src/products/hls/hls_lib/src/hls_math.h:655->r:/builds/2016.4/nightly/2017_01_23_1756540/src/products/hls/hls_lib/src/lib_hlsm.cpp:86->DeepLearningHLS/layer4_hls.c:27
ifTrue:5  %s_out = extractvalue { float, float } %call_ret_i_i_i, 0

ST_35: c_out (375)  [1/1] 0.00ns  loc: r:/builds/2016.4/nightly/2017_01_23_1756540/src/products/hls/hls_lib/src/hls/hls_cordic.h:1316->r:/builds/2016.4/nightly/2017_01_23_1756540/src/products/hls/hls_lib/src/hls_math.h:662->r:/builds/2016.4/nightly/2017_01_23_1756540/src/products/hls/hls_lib/src/lib_hlsm.cpp:90->DeepLearningHLS/layer4_hls.c:27
ifTrue:6  %c_out = extractvalue { float, float } %call_ret_i_i_i, 1

ST_35: x_assign_1 (376)  [16/16] 6.08ns  loc: DeepLearningHLS/layer4_hls.c:27
ifTrue:7  %x_assign_1 = fdiv float %s_out, %c_out


 <State 36>: 6.08ns
ST_36: x_assign_1 (376)  [15/16] 6.08ns  loc: DeepLearningHLS/layer4_hls.c:27
ifTrue:7  %x_assign_1 = fdiv float %s_out, %c_out


 <State 37>: 6.08ns
ST_37: x_assign_1 (376)  [14/16] 6.08ns  loc: DeepLearningHLS/layer4_hls.c:27
ifTrue:7  %x_assign_1 = fdiv float %s_out, %c_out


 <State 38>: 6.08ns
ST_38: x_assign_1 (376)  [13/16] 6.08ns  loc: DeepLearningHLS/layer4_hls.c:27
ifTrue:7  %x_assign_1 = fdiv float %s_out, %c_out


 <State 39>: 6.08ns
ST_39: x_assign_1 (376)  [12/16] 6.08ns  loc: DeepLearningHLS/layer4_hls.c:27
ifTrue:7  %x_assign_1 = fdiv float %s_out, %c_out


 <State 40>: 6.08ns
ST_40: x_assign_1 (376)  [11/16] 6.08ns  loc: DeepLearningHLS/layer4_hls.c:27
ifTrue:7  %x_assign_1 = fdiv float %s_out, %c_out


 <State 41>: 6.08ns
ST_41: x_assign_1 (376)  [10/16] 6.08ns  loc: DeepLearningHLS/layer4_hls.c:27
ifTrue:7  %x_assign_1 = fdiv float %s_out, %c_out


 <State 42>: 6.08ns
ST_42: x_assign_1 (376)  [9/16] 6.08ns  loc: DeepLearningHLS/layer4_hls.c:27
ifTrue:7  %x_assign_1 = fdiv float %s_out, %c_out


 <State 43>: 6.08ns
ST_43: x_assign_1 (376)  [8/16] 6.08ns  loc: DeepLearningHLS/layer4_hls.c:27
ifTrue:7  %x_assign_1 = fdiv float %s_out, %c_out


 <State 44>: 6.08ns
ST_44: x_assign_1 (376)  [7/16] 6.08ns  loc: DeepLearningHLS/layer4_hls.c:27
ifTrue:7  %x_assign_1 = fdiv float %s_out, %c_out


 <State 45>: 6.08ns
ST_45: x_assign_1 (376)  [6/16] 6.08ns  loc: DeepLearningHLS/layer4_hls.c:27
ifTrue:7  %x_assign_1 = fdiv float %s_out, %c_out


 <State 46>: 6.08ns
ST_46: x_assign_1 (376)  [5/16] 6.08ns  loc: DeepLearningHLS/layer4_hls.c:27
ifTrue:7  %x_assign_1 = fdiv float %s_out, %c_out


 <State 47>: 6.08ns
ST_47: x_assign_1 (376)  [4/16] 6.08ns  loc: DeepLearningHLS/layer4_hls.c:27
ifTrue:7  %x_assign_1 = fdiv float %s_out, %c_out


 <State 48>: 6.08ns
ST_48: x_assign_1 (376)  [3/16] 6.08ns  loc: DeepLearningHLS/layer4_hls.c:27
ifTrue:7  %x_assign_1 = fdiv float %s_out, %c_out


 <State 49>: 6.08ns
ST_49: x_assign_1 (376)  [2/16] 6.08ns  loc: DeepLearningHLS/layer4_hls.c:27
ifTrue:7  %x_assign_1 = fdiv float %s_out, %c_out


 <State 50>: 6.08ns
ST_50: x_assign_1 (376)  [1/16] 6.08ns  loc: DeepLearningHLS/layer4_hls.c:27
ifTrue:7  %x_assign_1 = fdiv float %s_out, %c_out

ST_50: p_Val2_s (377)  [1/1] 0.00ns  loc: r:/builds/2016.4/nightly/2017_01_23_1756540/src/products/hls/hls_lib/src/hls/utils/x_hls_utils.h:309->r:/builds/2016.4/nightly/2017_01_23_1756540/src/products/hls/hls_lib/src/hls/utils/x_hls_utils.h:318->r:/builds/2016.4/nightly/2017_01_23_1756540/src/products/hls/hls_lib/src/hls/hls_round.h:390->r:/builds/2016.4/nightly/2017_01_23_1756540/src/products/hls/hls_lib/src/lib_floatconversion.cpp:48->DeepLearningHLS/layer4_hls.c:27
ifTrue:8  %p_Val2_s = bitcast float %x_assign_1 to i32

ST_50: loc_V (378)  [1/1] 0.00ns  loc: r:/builds/2016.4/nightly/2017_01_23_1756540/src/products/hls/hls_lib/src/hls/utils/x_hls_utils.h:316->r:/builds/2016.4/nightly/2017_01_23_1756540/src/products/hls/hls_lib/src/hls/utils/x_hls_utils.h:318->r:/builds/2016.4/nightly/2017_01_23_1756540/src/products/hls/hls_lib/src/hls/hls_round.h:390->r:/builds/2016.4/nightly/2017_01_23_1756540/src/products/hls/hls_lib/src/lib_floatconversion.cpp:48->DeepLearningHLS/layer4_hls.c:27
ifTrue:9  %loc_V = call i8 @_ssdm_op_PartSelect.i8.i32.i32.i32(i32 %p_Val2_s, i32 23, i32 30) nounwind

ST_50: loc_V_4 (379)  [1/1] 0.00ns  loc: r:/builds/2016.4/nightly/2017_01_23_1756540/src/products/hls/hls_lib/src/hls/utils/x_hls_utils.h:317->r:/builds/2016.4/nightly/2017_01_23_1756540/src/products/hls/hls_lib/src/hls/utils/x_hls_utils.h:318->r:/builds/2016.4/nightly/2017_01_23_1756540/src/products/hls/hls_lib/src/hls/hls_round.h:390->r:/builds/2016.4/nightly/2017_01_23_1756540/src/products/hls/hls_lib/src/lib_floatconversion.cpp:48->DeepLearningHLS/layer4_hls.c:27
ifTrue:10  %loc_V_4 = trunc i32 %p_Val2_s to i23


 <State 51>: 8.58ns
ST_51: p_Result_s (380)  [1/1] 0.00ns  loc: r:/builds/2016.4/nightly/2017_01_23_1756540/src/products/hls/hls_lib/src/hls/utils/x_hls_utils.h:364->r:/builds/2016.4/nightly/2017_01_23_1756540/src/products/hls/hls_lib/src/hls/hls_round.h:392->r:/builds/2016.4/nightly/2017_01_23_1756540/src/products/hls/hls_lib/src/lib_floatconversion.cpp:48->DeepLearningHLS/layer4_hls.c:27
ifTrue:11  %p_Result_s = call i24 @_ssdm_op_BitConcatenate.i24.i1.i23(i1 true, i23 %loc_V_4) nounwind

ST_51: tmp_i_i (381)  [1/1] 0.00ns  loc: r:/builds/2016.4/nightly/2017_01_23_1756540/src/products/hls/hls_lib/src/hls/hls_round.h:392->r:/builds/2016.4/nightly/2017_01_23_1756540/src/products/hls/hls_lib/src/lib_floatconversion.cpp:48->DeepLearningHLS/layer4_hls.c:27 (grouped into LUT with out node result_V)
ifTrue:12  %tmp_i_i = zext i24 %p_Result_s to i62

ST_51: tmp_i_i_i_cast (382)  [1/1] 0.00ns  loc: r:/builds/2016.4/nightly/2017_01_23_1756540/src/products/hls/hls_lib/src/hls/utils/x_hls_utils.h:338->r:/builds/2016.4/nightly/2017_01_23_1756540/src/products/hls/hls_lib/src/hls/hls_round.h:395->r:/builds/2016.4/nightly/2017_01_23_1756540/src/products/hls/hls_lib/src/lib_floatconversion.cpp:48->DeepLearningHLS/layer4_hls.c:27
ifTrue:13  %tmp_i_i_i_cast = zext i8 %loc_V to i9

ST_51: sh_assign (383)  [1/1] 1.72ns  loc: r:/builds/2016.4/nightly/2017_01_23_1756540/src/products/hls/hls_lib/src/hls/utils/x_hls_utils.h:338->r:/builds/2016.4/nightly/2017_01_23_1756540/src/products/hls/hls_lib/src/hls/hls_round.h:395->r:/builds/2016.4/nightly/2017_01_23_1756540/src/products/hls/hls_lib/src/lib_floatconversion.cpp:48->DeepLearningHLS/layer4_hls.c:27
ifTrue:14  %sh_assign = add i9 -127, %tmp_i_i_i_cast

ST_51: isNeg (384)  [1/1] 0.00ns  loc: r:/builds/2016.4/nightly/2017_01_23_1756540/src/products/hls/hls_lib/src/hls/hls_round.h:395->r:/builds/2016.4/nightly/2017_01_23_1756540/src/products/hls/hls_lib/src/lib_floatconversion.cpp:48->DeepLearningHLS/layer4_hls.c:27
ifTrue:15  %isNeg = call i1 @_ssdm_op_BitSelect.i1.i9.i32(i9 %sh_assign, i32 8)

ST_51: tmp_38_i_i (385)  [1/1] 1.72ns  loc: r:/builds/2016.4/nightly/2017_01_23_1756540/src/products/hls/hls_lib/src/hls/hls_round.h:395->r:/builds/2016.4/nightly/2017_01_23_1756540/src/products/hls/hls_lib/src/lib_floatconversion.cpp:48->DeepLearningHLS/layer4_hls.c:27
ifTrue:16  %tmp_38_i_i = sub i8 127, %loc_V

ST_51: tmp_38_i_i_cast (386)  [1/1] 0.00ns  loc: r:/builds/2016.4/nightly/2017_01_23_1756540/src/products/hls/hls_lib/src/hls/hls_round.h:395->r:/builds/2016.4/nightly/2017_01_23_1756540/src/products/hls/hls_lib/src/lib_floatconversion.cpp:48->DeepLearningHLS/layer4_hls.c:27
ifTrue:17  %tmp_38_i_i_cast = sext i8 %tmp_38_i_i to i9

ST_51: sh_assign_5 (387)  [1/1] 1.37ns  loc: r:/builds/2016.4/nightly/2017_01_23_1756540/src/products/hls/hls_lib/src/hls/hls_round.h:395->r:/builds/2016.4/nightly/2017_01_23_1756540/src/products/hls/hls_lib/src/lib_floatconversion.cpp:48->DeepLearningHLS/layer4_hls.c:27
ifTrue:18  %sh_assign_5 = select i1 %isNeg, i9 %tmp_38_i_i_cast, i9 %sh_assign

ST_51: sh_assign_5_cast (388)  [1/1] 0.00ns  loc: r:/builds/2016.4/nightly/2017_01_23_1756540/src/products/hls/hls_lib/src/hls/hls_round.h:395->r:/builds/2016.4/nightly/2017_01_23_1756540/src/products/hls/hls_lib/src/lib_floatconversion.cpp:48->DeepLearningHLS/layer4_hls.c:27 (grouped into LUT with out node result_V)
ifTrue:19  %sh_assign_5_cast = sext i9 %sh_assign_5 to i32

ST_51: sh_assign_5_cast_cas (389)  [1/1] 0.00ns  loc: r:/builds/2016.4/nightly/2017_01_23_1756540/src/products/hls/hls_lib/src/hls/hls_round.h:395->r:/builds/2016.4/nightly/2017_01_23_1756540/src/products/hls/hls_lib/src/lib_floatconversion.cpp:48->DeepLearningHLS/layer4_hls.c:27 (grouped into LUT with out node result_V)
ifTrue:20  %sh_assign_5_cast_cas = sext i9 %sh_assign_5 to i24

ST_51: tmp_39_i_i (390)  [1/1] 0.00ns  loc: r:/builds/2016.4/nightly/2017_01_23_1756540/src/products/hls/hls_lib/src/hls/hls_round.h:395->r:/builds/2016.4/nightly/2017_01_23_1756540/src/products/hls/hls_lib/src/lib_floatconversion.cpp:48->DeepLearningHLS/layer4_hls.c:27 (grouped into LUT with out node result_V)
ifTrue:21  %tmp_39_i_i = zext i32 %sh_assign_5_cast to i62

ST_51: tmp_40_i_i (391)  [1/1] 0.00ns  loc: r:/builds/2016.4/nightly/2017_01_23_1756540/src/products/hls/hls_lib/src/hls/hls_round.h:395->r:/builds/2016.4/nightly/2017_01_23_1756540/src/products/hls/hls_lib/src/lib_floatconversion.cpp:48->DeepLearningHLS/layer4_hls.c:27 (grouped into LUT with out node result_V)
ifTrue:22  %tmp_40_i_i = lshr i24 %p_Result_s, %sh_assign_5_cast_cas

ST_51: tmp_41_i_i (392)  [1/1] 0.00ns  loc: r:/builds/2016.4/nightly/2017_01_23_1756540/src/products/hls/hls_lib/src/hls/hls_round.h:395->r:/builds/2016.4/nightly/2017_01_23_1756540/src/products/hls/hls_lib/src/lib_floatconversion.cpp:48->DeepLearningHLS/layer4_hls.c:27 (grouped into LUT with out node result_V)
ifTrue:23  %tmp_41_i_i = shl i62 %tmp_i_i, %tmp_39_i_i

ST_51: tmp (393)  [1/1] 0.00ns  loc: r:/builds/2016.4/nightly/2017_01_23_1756540/src/products/hls/hls_lib/src/hls/hls_round.h:395->r:/builds/2016.4/nightly/2017_01_23_1756540/src/products/hls/hls_lib/src/lib_floatconversion.cpp:48->DeepLearningHLS/layer4_hls.c:27 (grouped into LUT with out node result_V)
ifTrue:24  %tmp = call i1 @_ssdm_op_BitSelect.i1.i24.i32(i24 %tmp_40_i_i, i32 23)

ST_51: tmp_29 (394)  [1/1] 0.00ns  loc: r:/builds/2016.4/nightly/2017_01_23_1756540/src/products/hls/hls_lib/src/hls/hls_round.h:395->r:/builds/2016.4/nightly/2017_01_23_1756540/src/products/hls/hls_lib/src/lib_floatconversion.cpp:48->DeepLearningHLS/layer4_hls.c:27 (grouped into LUT with out node result_V)
ifTrue:25  %tmp_29 = zext i1 %tmp to i16

ST_51: tmp_30 (395)  [1/1] 0.00ns  loc: r:/builds/2016.4/nightly/2017_01_23_1756540/src/products/hls/hls_lib/src/hls/hls_round.h:398->r:/builds/2016.4/nightly/2017_01_23_1756540/src/products/hls/hls_lib/src/lib_floatconversion.cpp:48->DeepLearningHLS/layer4_hls.c:27 (grouped into LUT with out node result_V)
ifTrue:26  %tmp_30 = call i16 @_ssdm_op_PartSelect.i16.i62.i32.i32(i62 %tmp_41_i_i, i32 23, i32 38)

ST_51: result_V (396)  [1/1] 2.78ns  loc: r:/builds/2016.4/nightly/2017_01_23_1756540/src/products/hls/hls_lib/src/hls/hls_round.h:395->r:/builds/2016.4/nightly/2017_01_23_1756540/src/products/hls/hls_lib/src/lib_floatconversion.cpp:48->DeepLearningHLS/layer4_hls.c:27 (out node of the LUT)
ifTrue:27  %result_V = select i1 %isNeg, i16 %tmp_29, i16 %tmp_30

ST_51: StgValue_519 (397)  [1/1] 2.71ns  loc: DeepLearningHLS/layer4_hls.c:27
ifTrue:28  store i16 %result_V, i16* %Layer4_Neurons_CPU_h, align 2

ST_51: StgValue_520 (398)  [1/1] 0.00ns
ifTrue:29  br label %ifFalse

ST_51: StgValue_521 (400)  [1/1] 0.00ns
ifFalse:0  br label %3



============================================================
+ Verbose Summary: Timing violations
============================================================
Target clock period: 10ns, clock uncertainty: 1.25ns.

 <State 1>: 1.57ns
The critical path consists of the following:
	multiplexor before 'phi' operation ('i') with incoming values : ('i', DeepLearningHLS/layer4_hls.c:17) [11]  (1.57 ns)

 <State 2>: 3.34ns
The critical path consists of the following:
	'icmp' operation ('exitcond3', DeepLearningHLS/layer4_hls.c:17) [14]  (1.97 ns)
	blocking operation 1.37 ns on control path)

 <State 3>: 4.28ns
The critical path consists of the following:
	'load' operation ('somme', DeepLearningHLS/layer4_hls.c:18) on array 'Layer3_Weights_CPU_hls' [24]  (2.71 ns)
	multiplexor before 'phi' operation ('somme') with incoming values : ('somme', DeepLearningHLS/layer4_hls.c:18) ('somme_3_4_4', DeepLearningHLS/layer4_hls.c:25) [28]  (1.57 ns)

 <State 4>: 8.23ns
The critical path consists of the following:
	'phi' operation ('phi_mul') with incoming values : ('next_mul') [30]  (0 ns)
	'add' operation ('tmp1') [41]  (1.84 ns)
	'add' operation ('sum5') [43]  (1.84 ns)
	'add' operation ('sum5_0_1') [53]  (1.84 ns)
	'getelementptr' operation ('Layer3_Weights_CPU_h_3', DeepLearningHLS/layer4_hls.c:25) [55]  (0 ns)
	'load' operation ('Layer3_Weights_CPU_h_4', DeepLearningHLS/layer4_hls.c:25) on array 'Layer3_Weights_CPU_hls' [56]  (2.71 ns)

 <State 5>: 4.55ns
The critical path consists of the following:
	'add' operation ('sum5_0_2') [64]  (1.84 ns)
	'getelementptr' operation ('Layer3_Weights_CPU_h_5', DeepLearningHLS/layer4_hls.c:25) [66]  (0 ns)
	'load' operation ('Layer3_Weights_CPU_h_6', DeepLearningHLS/layer4_hls.c:25) on array 'Layer3_Weights_CPU_hls' [67]  (2.71 ns)

 <State 6>: 6.38ns
The critical path consists of the following:
	'mul' operation ('tmp_24', DeepLearningHLS/layer4_hls.c:25) [51]  (6.38 ns)

 <State 7>: 6.38ns
The critical path consists of the following:
	'mul' operation ('tmp_119_0_2', DeepLearningHLS/layer4_hls.c:25) [74]  (6.38 ns)

 <State 8>: 6.38ns
The critical path consists of the following:
	'mul' operation ('tmp_119_0_4', DeepLearningHLS/layer4_hls.c:25) [98]  (6.38 ns)

 <State 9>: 6.38ns
The critical path consists of the following:
	'mul' operation ('tmp_119_1_1', DeepLearningHLS/layer4_hls.c:25) [122]  (6.38 ns)

 <State 10>: 6.38ns
The critical path consists of the following:
	'mul' operation ('tmp_119_1_3', DeepLearningHLS/layer4_hls.c:25) [146]  (6.38 ns)

 <State 11>: 6.38ns
The critical path consists of the following:
	'mul' operation ('tmp_119_2', DeepLearningHLS/layer4_hls.c:25) [170]  (6.38 ns)

 <State 12>: 6.92ns
The critical path consists of the following:
	'add' operation ('tmp12', DeepLearningHLS/layer4_hls.c:25) [347]  (1.73 ns)
	'add' operation ('tmp11', DeepLearningHLS/layer4_hls.c:25) [348]  (1.73 ns)
	'add' operation ('tmp8', DeepLearningHLS/layer4_hls.c:25) [349]  (1.73 ns)
	'add' operation ('tmp2', DeepLearningHLS/layer4_hls.c:25) [350]  (1.73 ns)

 <State 13>: 6.38ns
The critical path consists of the following:
	'mul' operation ('tmp_119_2_3', DeepLearningHLS/layer4_hls.c:25) [206]  (6.38 ns)

 <State 14>: 6.38ns
The critical path consists of the following:
	'mul' operation ('tmp_119_3', DeepLearningHLS/layer4_hls.c:25) [230]  (6.38 ns)

 <State 15>: 6.38ns
The critical path consists of the following:
	'mul' operation ('tmp_119_3_2', DeepLearningHLS/layer4_hls.c:25) [254]  (6.38 ns)

 <State 16>: 6.38ns
The critical path consists of the following:
	'mul' operation ('tmp_119_3_4', DeepLearningHLS/layer4_hls.c:25) [278]  (6.38 ns)

 <State 17>: 6.38ns
The critical path consists of the following:
	'mul' operation ('tmp_119_4_1', DeepLearningHLS/layer4_hls.c:25) [302]  (6.38 ns)

 <State 18>: 6.38ns
The critical path consists of the following:
	'mul' operation ('tmp_119_4_3', DeepLearningHLS/layer4_hls.c:25) [326]  (6.38 ns)

 <State 19>: 7.15ns
The critical path consists of the following:
	'add' operation ('tmp24', DeepLearningHLS/layer4_hls.c:25) [359]  (1.96 ns)
	'add' operation ('tmp22', DeepLearningHLS/layer4_hls.c:25) [360]  (1.73 ns)
	'add' operation ('tmp19', DeepLearningHLS/layer4_hls.c:25) [361]  (1.73 ns)
	'add' operation ('tmp13', DeepLearningHLS/layer4_hls.c:25) [362]  (1.73 ns)

 <State 20>: 3.46ns
The critical path consists of the following:
	'add' operation ('tmp_26', DeepLearningHLS/layer4_hls.c:25) [363]  (1.73 ns)
	'add' operation ('somme_3_4_4', DeepLearningHLS/layer4_hls.c:25) [364]  (1.73 ns)

 <State 21>: 6.28ns
The critical path consists of the following:
	'sitodp' operation ('tmp_27', DeepLearningHLS/layer4_hls.c:27) [370]  (6.28 ns)

 <State 22>: 6.28ns
The critical path consists of the following:
	'sitodp' operation ('tmp_27', DeepLearningHLS/layer4_hls.c:27) [370]  (6.28 ns)

 <State 23>: 6.28ns
The critical path consists of the following:
	'sitodp' operation ('tmp_27', DeepLearningHLS/layer4_hls.c:27) [370]  (6.28 ns)

 <State 24>: 6.28ns
The critical path consists of the following:
	'sitodp' operation ('tmp_27', DeepLearningHLS/layer4_hls.c:27) [370]  (6.28 ns)

 <State 25>: 6.28ns
The critical path consists of the following:
	'sitodp' operation ('tmp_27', DeepLearningHLS/layer4_hls.c:27) [370]  (6.28 ns)

 <State 26>: 6.28ns
The critical path consists of the following:
	'sitodp' operation ('tmp_27', DeepLearningHLS/layer4_hls.c:27) [370]  (6.28 ns)

 <State 27>: 7.79ns
The critical path consists of the following:
	'dmul' operation ('tmp_28', DeepLearningHLS/layer4_hls.c:27) [371]  (7.79 ns)

 <State 28>: 7.79ns
The critical path consists of the following:
	'dmul' operation ('tmp_28', DeepLearningHLS/layer4_hls.c:27) [371]  (7.79 ns)

 <State 29>: 7.79ns
The critical path consists of the following:
	'dmul' operation ('tmp_28', DeepLearningHLS/layer4_hls.c:27) [371]  (7.79 ns)

 <State 30>: 7.79ns
The critical path consists of the following:
	'dmul' operation ('tmp_28', DeepLearningHLS/layer4_hls.c:27) [371]  (7.79 ns)

 <State 31>: 7.79ns
The critical path consists of the following:
	'dmul' operation ('tmp_28', DeepLearningHLS/layer4_hls.c:27) [371]  (7.79 ns)

 <State 32>: 7.79ns
The critical path consists of the following:
	'dmul' operation ('tmp_28', DeepLearningHLS/layer4_hls.c:27) [371]  (7.79 ns)

 <State 33>: 6.5ns
The critical path consists of the following:
	'fptrunc' operation ('x', DeepLearningHLS/layer4_hls.c:27) [372]  (6.5 ns)

 <State 34>: 6.54ns
The critical path consists of the following:
	'call' operation ('call_ret_i_i_i', r:/builds/2016.4/nightly/2017_01_23_1756540/src/products/hls/hls_lib/src/hls/hls_cordic.h:1306->r:/builds/2016.4/nightly/2017_01_23_1756540/src/products/hls/hls_lib/src/hls_math.h:655->r:/builds/2016.4/nightly/2017_01_23_1756540/src/products/hls/hls_lib/src/lib_hlsm.cpp:86->DeepLearningHLS/layer4_hls.c:27) to 'sinh_cosh_range_redu' [373]  (6.54 ns)

 <State 35>: 7.45ns
The critical path consists of the following:
	'call' operation ('call_ret_i_i_i', r:/builds/2016.4/nightly/2017_01_23_1756540/src/products/hls/hls_lib/src/hls/hls_cordic.h:1306->r:/builds/2016.4/nightly/2017_01_23_1756540/src/products/hls/hls_lib/src/hls_math.h:655->r:/builds/2016.4/nightly/2017_01_23_1756540/src/products/hls/hls_lib/src/lib_hlsm.cpp:86->DeepLearningHLS/layer4_hls.c:27) to 'sinh_cosh_range_redu' [373]  (1.37 ns)
	'fdiv' operation ('x', DeepLearningHLS/layer4_hls.c:27) [376]  (6.08 ns)

 <State 36>: 6.08ns
The critical path consists of the following:
	'fdiv' operation ('x', DeepLearningHLS/layer4_hls.c:27) [376]  (6.08 ns)

 <State 37>: 6.08ns
The critical path consists of the following:
	'fdiv' operation ('x', DeepLearningHLS/layer4_hls.c:27) [376]  (6.08 ns)

 <State 38>: 6.08ns
The critical path consists of the following:
	'fdiv' operation ('x', DeepLearningHLS/layer4_hls.c:27) [376]  (6.08 ns)

 <State 39>: 6.08ns
The critical path consists of the following:
	'fdiv' operation ('x', DeepLearningHLS/layer4_hls.c:27) [376]  (6.08 ns)

 <State 40>: 6.08ns
The critical path consists of the following:
	'fdiv' operation ('x', DeepLearningHLS/layer4_hls.c:27) [376]  (6.08 ns)

 <State 41>: 6.08ns
The critical path consists of the following:
	'fdiv' operation ('x', DeepLearningHLS/layer4_hls.c:27) [376]  (6.08 ns)

 <State 42>: 6.08ns
The critical path consists of the following:
	'fdiv' operation ('x', DeepLearningHLS/layer4_hls.c:27) [376]  (6.08 ns)

 <State 43>: 6.08ns
The critical path consists of the following:
	'fdiv' operation ('x', DeepLearningHLS/layer4_hls.c:27) [376]  (6.08 ns)

 <State 44>: 6.08ns
The critical path consists of the following:
	'fdiv' operation ('x', DeepLearningHLS/layer4_hls.c:27) [376]  (6.08 ns)

 <State 45>: 6.08ns
The critical path consists of the following:
	'fdiv' operation ('x', DeepLearningHLS/layer4_hls.c:27) [376]  (6.08 ns)

 <State 46>: 6.08ns
The critical path consists of the following:
	'fdiv' operation ('x', DeepLearningHLS/layer4_hls.c:27) [376]  (6.08 ns)

 <State 47>: 6.08ns
The critical path consists of the following:
	'fdiv' operation ('x', DeepLearningHLS/layer4_hls.c:27) [376]  (6.08 ns)

 <State 48>: 6.08ns
The critical path consists of the following:
	'fdiv' operation ('x', DeepLearningHLS/layer4_hls.c:27) [376]  (6.08 ns)

 <State 49>: 6.08ns
The critical path consists of the following:
	'fdiv' operation ('x', DeepLearningHLS/layer4_hls.c:27) [376]  (6.08 ns)

 <State 50>: 6.08ns
The critical path consists of the following:
	'fdiv' operation ('x', DeepLearningHLS/layer4_hls.c:27) [376]  (6.08 ns)

 <State 51>: 8.58ns
The critical path consists of the following:
	'add' operation ('sh', r:/builds/2016.4/nightly/2017_01_23_1756540/src/products/hls/hls_lib/src/hls/utils/x_hls_utils.h:338->r:/builds/2016.4/nightly/2017_01_23_1756540/src/products/hls/hls_lib/src/hls/hls_round.h:395->r:/builds/2016.4/nightly/2017_01_23_1756540/src/products/hls/hls_lib/src/lib_floatconversion.cpp:48->DeepLearningHLS/layer4_hls.c:27) [383]  (1.72 ns)
	'select' operation ('sh', r:/builds/2016.4/nightly/2017_01_23_1756540/src/products/hls/hls_lib/src/hls/hls_round.h:395->r:/builds/2016.4/nightly/2017_01_23_1756540/src/products/hls/hls_lib/src/lib_floatconversion.cpp:48->DeepLearningHLS/layer4_hls.c:27) [387]  (1.37 ns)
	'lshr' operation ('tmp_40_i_i', r:/builds/2016.4/nightly/2017_01_23_1756540/src/products/hls/hls_lib/src/hls/hls_round.h:395->r:/builds/2016.4/nightly/2017_01_23_1756540/src/products/hls/hls_lib/src/lib_floatconversion.cpp:48->DeepLearningHLS/layer4_hls.c:27) [391]  (0 ns)
	'select' operation ('result.V', r:/builds/2016.4/nightly/2017_01_23_1756540/src/products/hls/hls_lib/src/hls/hls_round.h:395->r:/builds/2016.4/nightly/2017_01_23_1756540/src/products/hls/hls_lib/src/lib_floatconversion.cpp:48->DeepLearningHLS/layer4_hls.c:27) [396]  (2.78 ns)
	'store' operation (DeepLearningHLS/layer4_hls.c:27) of variable 'result.V', r:/builds/2016.4/nightly/2017_01_23_1756540/src/products/hls/hls_lib/src/hls/hls_round.h:395->r:/builds/2016.4/nightly/2017_01_23_1756540/src/products/hls/hls_lib/src/lib_floatconversion.cpp:48->DeepLearningHLS/layer4_hls.c:27 on array 'Layer4_Neurons_CPU_hls' [397]  (2.71 ns)


============================================================
+ Verbose Summary: Binding
============================================================
N/A
* FSMD analyzer results:
  - Output states:
 - Input state : 
  - Chain level:
	State 1
	State 2
	State 3
	State 4
	State 5
	State 6
	State 7
	State 8
	State 9
	State 10
	State 11
	State 12
	State 13
	State 14
	State 15
	State 16
	State 17
	State 18
	State 19
	State 20
	State 21
	State 22
	State 23
	State 24
	State 25
	State 26
	State 27
	State 28
	State 29
	State 30
	State 31
	State 32
	State 33
	State 34
	State 35
	State 36
	State 37
	State 38
	State 39
	State 40
	State 41
	State 42
	State 43
	State 44
	State 45
	State 46
	State 47
	State 48
	State 49
	State 50
	State 51


============================================================
+ Verbose Summary: Datapath Resource usage 
============================================================
N/A
