INFO: [SIM 2] *************** CSIM start ***************
WARNING: [SIM 51] HLS only supports CLANG compiler in Linux.
INFO: [SIM 4] CSIM will launch GCC as the compiler.
   Compiling(apcc) ../../../layer4_hls_test.c in debug mode
INFO: [HLS 200-10] Running 'd:/Vivado_HLS/2016.4/bin/unwrapped/win64.o/apcc.exe'
INFO: [HLS 200-10] For user 'Nostreum' on host 'desktop-fgjmbmi' (Windows NT_amd64 version 6.2) on Thu Jan 18 19:30:44 +0100 2018
INFO: [HLS 200-10] In directory 'C:/Users/Nostreum/Desktop/FPGA2/DeepLearningHLS/solution1/csim/build'
INFO: [APCC 202-3] Tmp directory is apcc_db
INFO: [APCC 202-1] APCC is done.
   Compiling(apcc) ../../../layer4_hls.c in debug mode
INFO: [HLS 200-10] Running 'd:/Vivado_HLS/2016.4/bin/unwrapped/win64.o/apcc.exe'
INFO: [HLS 200-10] For user 'Nostreum' on host 'desktop-fgjmbmi' (Windows NT_amd64 version 6.2) on Thu Jan 18 19:30:51 +0100 2018
INFO: [HLS 200-10] In directory 'C:/Users/Nostreum/Desktop/FPGA2/DeepLearningHLS/solution1/csim/build'
INFO: [APCC 202-3] Tmp directory is apcc_db
INFO: [APCC 202-1] APCC is done.
   Generating csim.exe
Test passed ! 
Le resultat est : 0 
INFO: [SIM 1] CSim done with 0 errors.
INFO: [SIM 3] *************** CSIM finish ***************
